{"/home/travis/build/npmtest/node-npmtest-particles.js/test.js":{"path":"/home/travis/build/npmtest/node-npmtest-particles.js/test.js","s":{"1":2,"2":2,"3":2,"4":2,"5":2,"6":2,"7":2,"8":1,"9":2,"10":2,"11":1,"12":1,"13":1,"14":1,"15":2,"16":2,"17":2,"18":2,"19":1,"20":1,"21":2,"22":2,"23":2,"24":1,"25":1,"26":1,"27":1,"28":1,"29":1,"30":1,"31":1,"32":1,"33":1,"34":1,"35":1,"36":1,"37":1,"38":1,"39":2,"40":2,"41":1,"42":2,"43":2,"44":1,"45":2,"46":2,"47":1,"48":2,"49":2,"50":1,"51":1,"52":1,"53":1,"54":1},"b":{"1":[2,1,1,1],"2":[1,1,1,1],"3":[1,1],"4":[1,1],"5":[1,1],"6":[1,1],"7":[1,1],"8":[1,1],"9":[1,1],"10":[1,1,1],"11":[1,1],"12":[1,1],"13":[1,1],"14":[1,1],"15":[1,1],"16":[1,1],"17":[1,1]},"f":{"1":2,"2":2,"3":2,"4":2,"5":2,"6":1,"7":1,"8":1,"9":2,"10":2,"11":2,"12":2,"13":1},"fnMap":{"1":{"name":"(anonymous_1)","line":12,"loc":{"start":{"line":12,"column":1},"end":{"line":12,"column":13}}},"2":{"name":"(anonymous_2)","line":19,"loc":{"start":{"line":19,"column":5},"end":{"line":19,"column":17}}},"3":{"name":"(anonymous_3)","line":23,"loc":{"start":{"line":23,"column":24},"end":{"line":23,"column":36}}},"4":{"name":"(anonymous_4)","line":61,"loc":{"start":{"line":61,"column":5},"end":{"line":61,"column":17}}},"5":{"name":"(anonymous_5)","line":82,"loc":{"start":{"line":82,"column":5},"end":{"line":82,"column":17}}},"6":{"name":"(anonymous_6)","line":91,"loc":{"start":{"line":91,"column":77},"end":{"line":94,"column":10}}},"7":{"name":"(anonymous_7)","line":112,"loc":{"start":{"line":112,"column":83},"end":{"line":115,"column":10}},"skip":true},"8":{"name":"(anonymous_8)","line":123,"loc":{"start":{"line":123,"column":77},"end":{"line":126,"column":10}},"skip":true},"9":{"name":"(anonymous_9)","line":139,"loc":{"start":{"line":139,"column":12},"end":{"line":139,"column":40}},"skip":true},"10":{"name":"(anonymous_10)","line":147,"loc":{"start":{"line":147,"column":77},"end":{"line":150,"column":10}},"skip":true},"11":{"name":"(anonymous_11)","line":158,"loc":{"start":{"line":158,"column":83},"end":{"line":161,"column":10}},"skip":true},"12":{"name":"(anonymous_12)","line":169,"loc":{"start":{"line":169,"column":79},"end":{"line":172,"column":10}},"skip":true},"13":{"name":"(anonymous_13)","line":180,"loc":{"start":{"line":180,"column":75},"end":{"line":183,"column":10}},"skip":true}},"statementMap":{"1":{"start":{"line":12,"column":0},"end":{"line":195,"column":5}},"2":{"start":{"line":14,"column":4},"end":{"line":14,"column":14}},"3":{"start":{"line":19,"column":4},"end":{"line":56,"column":9}},"4":{"start":{"line":21,"column":8},"end":{"line":21,"column":19}},"5":{"start":{"line":23,"column":8},"end":{"line":35,"column":13}},"6":{"start":{"line":24,"column":12},"end":{"line":34,"column":13}},"7":{"start":{"line":25,"column":16},"end":{"line":28,"column":30}},"8":{"start":{"line":30,"column":16},"end":{"line":33,"column":27}},"9":{"start":{"line":37,"column":8},"end":{"line":39,"column":21}},"10":{"start":{"line":40,"column":8},"end":{"line":53,"column":9}},"11":{"start":{"line":43,"column":12},"end":{"line":46,"column":14}},"12":{"start":{"line":47,"column":12},"end":{"line":47,"column":18}},"13":{"start":{"line":50,"column":12},"end":{"line":51,"column":33}},"14":{"start":{"line":52,"column":12},"end":{"line":52,"column":18}},"15":{"start":{"line":55,"column":8},"end":{"line":55,"column":35}},"16":{"start":{"line":61,"column":4},"end":{"line":63,"column":9}},"17":{"start":{"line":62,"column":8},"end":{"line":62,"column":15}},"18":{"start":{"line":64,"column":4},"end":{"line":77,"column":5}},"19":{"start":{"line":70,"column":8},"end":{"line":70,"column":14}},"20":{"start":{"line":76,"column":8},"end":{"line":76,"column":14}},"21":{"start":{"line":82,"column":4},"end":{"line":84,"column":9}},"22":{"start":{"line":83,"column":8},"end":{"line":83,"column":15}},"23":{"start":{"line":85,"column":4},"end":{"line":194,"column":5}},"24":{"start":{"line":91,"column":8},"end":{"line":99,"column":10}},"25":{"start":{"line":98,"column":12},"end":{"line":98,"column":35}},"26":{"start":{"line":102,"column":8},"end":{"line":104,"column":63}},"27":{"start":{"line":105,"column":8},"end":{"line":105,"column":14}},"28":{"start":{"line":112,"column":8},"end":{"line":121,"column":10},"skip":true},"29":{"start":{"line":119,"column":12},"end":{"line":119,"column":55},"skip":true},"30":{"start":{"line":120,"column":12},"end":{"line":120,"column":48},"skip":true},"31":{"start":{"line":123,"column":8},"end":{"line":136,"column":10},"skip":true},"32":{"start":{"line":130,"column":12},"end":{"line":130,"column":76},"skip":true},"33":{"start":{"line":131,"column":12},"end":{"line":131,"column":73},"skip":true},"34":{"start":{"line":132,"column":12},"end":{"line":132,"column":74},"skip":true},"35":{"start":{"line":133,"column":12},"end":{"line":133,"column":79},"skip":true},"36":{"start":{"line":134,"column":12},"end":{"line":134,"column":25},"skip":true},"37":{"start":{"line":135,"column":12},"end":{"line":135,"column":45},"skip":true},"38":{"start":{"line":138,"column":8},"end":{"line":145,"column":14},"skip":true},"39":{"start":{"line":143,"column":16},"end":{"line":143,"column":29},"skip":true},"40":{"start":{"line":144,"column":16},"end":{"line":144,"column":55},"skip":true},"41":{"start":{"line":147,"column":8},"end":{"line":156,"column":10},"skip":true},"42":{"start":{"line":154,"column":12},"end":{"line":154,"column":25},"skip":true},"43":{"start":{"line":155,"column":12},"end":{"line":155,"column":45},"skip":true},"44":{"start":{"line":158,"column":8},"end":{"line":167,"column":10},"skip":true},"45":{"start":{"line":165,"column":12},"end":{"line":165,"column":25},"skip":true},"46":{"start":{"line":166,"column":12},"end":{"line":166,"column":48},"skip":true},"47":{"start":{"line":169,"column":8},"end":{"line":178,"column":10},"skip":true},"48":{"start":{"line":176,"column":12},"end":{"line":176,"column":25},"skip":true},"49":{"start":{"line":177,"column":12},"end":{"line":177,"column":46},"skip":true},"50":{"start":{"line":180,"column":8},"end":{"line":189,"column":10},"skip":true},"51":{"start":{"line":187,"column":12},"end":{"line":187,"column":94},"skip":true},"52":{"start":{"line":188,"column":12},"end":{"line":188,"column":48},"skip":true},"53":{"start":{"line":192,"column":8},"end":{"line":192,"column":35},"skip":true},"54":{"start":{"line":193,"column":8},"end":{"line":193,"column":14},"skip":true}},"branchMap":{"1":{"line":25,"type":"binary-expr","locations":[{"start":{"line":25,"column":23},"end":{"line":25,"column":62}},{"start":{"line":26,"column":20},"end":{"line":26,"column":70}},{"start":{"line":27,"column":20},"end":{"line":27,"column":71}},{"start":{"line":28,"column":20},"end":{"line":28,"column":29}}]},"2":{"line":30,"type":"binary-expr","locations":[{"start":{"line":30,"column":23},"end":{"line":30,"column":37}},{"start":{"line":31,"column":20},"end":{"line":31,"column":61}},{"start":{"line":32,"column":20},"end":{"line":32,"column":70}},{"start":{"line":33,"column":20},"end":{"line":33,"column":26}}]},"3":{"line":37,"type":"cond-expr","locations":[{"start":{"line":38,"column":14},"end":{"line":38,"column":20}},{"start":{"line":39,"column":14},"end":{"line":39,"column":20}}]},"4":{"line":40,"type":"switch","locations":[{"start":{"line":42,"column":8},"end":{"line":47,"column":18}},{"start":{"line":49,"column":8},"end":{"line":52,"column":18}}]},"5":{"line":44,"type":"binary-expr","locations":[{"start":{"line":44,"column":16},"end":{"line":44,"column":44}},{"start":{"line":44,"column":48},"end":{"line":44,"column":66}}]},"6":{"line":50,"type":"binary-expr","locations":[{"start":{"line":50,"column":21},"end":{"line":50,"column":49}},{"start":{"line":50,"column":53},"end":{"line":50,"column":72}}]},"7":{"line":64,"type":"switch","locations":[{"start":{"line":69,"column":4},"end":{"line":70,"column":14}},{"start":{"line":75,"column":4},"end":{"line":76,"column":14}}]},"8":{"line":85,"type":"switch","locations":[{"start":{"line":90,"column":4},"end":{"line":105,"column":14}},{"start":{"line":111,"column":4},"end":{"line":193,"column":14},"skip":true}]},"9":{"line":91,"type":"binary-expr","locations":[{"start":{"line":91,"column":42},"end":{"line":91,"column":73}},{"start":{"line":91,"column":77},"end":{"line":99,"column":9}}]},"10":{"line":102,"type":"binary-expr","locations":[{"start":{"line":102,"column":18},"end":{"line":102,"column":32}},{"start":{"line":103,"column":12},"end":{"line":103,"column":53}},{"start":{"line":104,"column":12},"end":{"line":104,"column":61}}]},"11":{"line":112,"type":"binary-expr","locations":[{"start":{"line":112,"column":45},"end":{"line":112,"column":79},"skip":true},{"start":{"line":112,"column":83},"end":{"line":121,"column":9},"skip":true}]},"12":{"line":123,"type":"binary-expr","locations":[{"start":{"line":123,"column":42},"end":{"line":123,"column":73},"skip":true},{"start":{"line":123,"column":77},"end":{"line":136,"column":9},"skip":true}]},"13":{"line":138,"type":"binary-expr","locations":[{"start":{"line":138,"column":48},"end":{"line":138,"column":85},"skip":true},{"start":{"line":139,"column":12},"end":{"line":145,"column":13},"skip":true}]},"14":{"line":147,"type":"binary-expr","locations":[{"start":{"line":147,"column":42},"end":{"line":147,"column":73},"skip":true},{"start":{"line":147,"column":77},"end":{"line":156,"column":9},"skip":true}]},"15":{"line":158,"type":"binary-expr","locations":[{"start":{"line":158,"column":45},"end":{"line":158,"column":79},"skip":true},{"start":{"line":158,"column":83},"end":{"line":167,"column":9},"skip":true}]},"16":{"line":169,"type":"binary-expr","locations":[{"start":{"line":169,"column":43},"end":{"line":169,"column":75},"skip":true},{"start":{"line":169,"column":79},"end":{"line":178,"column":9},"skip":true}]},"17":{"line":180,"type":"binary-expr","locations":[{"start":{"line":180,"column":41},"end":{"line":180,"column":71},"skip":true},{"start":{"line":180,"column":75},"end":{"line":189,"column":9},"skip":true}]}},"code":["/* istanbul instrument in package npmtest_particles_js */","/*jslint","    bitwise: true,","    browser: true,","    maxerr: 8,","    maxlen: 96,","    node: true,","    nomen: true,","    regexp: true,","    stupid: true","*/","(function () {","    'use strict';","    var local;","","","","    // run shared js-env code - pre-init","    (function () {","        // init local","        local = {};","        // init modeJs","        local.modeJs = (function () {","            try {","                return typeof navigator.userAgent === 'string' &&","                    typeof document.querySelector('body') === 'object' &&","                    typeof XMLHttpRequest.prototype.open === 'function' &&","                    'browser';","            } catch (errorCaughtBrowser) {","                return module.exports &&","                    typeof process.versions.node === 'string' &&","                    typeof require('http').createServer === 'function' &&","                    'node';","            }","        }());","        // init global","        local.global = local.modeJs === 'browser'","            ? window","            : global;","        switch (local.modeJs) {","        // re-init local from window.local","        case 'browser':","            local = local.global.utility2.objectSetDefault(","                local.global.utility2_rollup || local.global.local,","                local.global.utility2","            );","            break;","        // re-init local from example.js","        case 'node':","            local = (local.global.utility2_rollup || require('utility2'))","                .requireReadme();","            break;","        }","        // export local","        local.global.local = local;","    }());","","","","    // run shared js-env code - function","    (function () {","        return;","    }());","    switch (local.modeJs) {","","","","    // run browser js-env code - function","    case 'browser':","        break;","","","","    // run node js-env code - function","    case 'node':","        break;","    }","","","","    // run shared js-env code - post-init","    (function () {","        return;","    }());","    switch (local.modeJs) {","","","","    // run browser js-env code - post-init","    case 'browser':","        local.testCase_browser_nullCase = local.testCase_browser_nullCase || function (","            options,","            onError","        ) {","        /*","         * this function will test browsers's null-case handling-behavior-behavior","         */","            onError(null, options);","        };","","        // run tests","        local.nop(local.modeTest &&","            document.querySelector('#testRunButton1') &&","            document.querySelector('#testRunButton1').click());","        break;","","","","    // run node js-env code - post-init","    /* istanbul ignore next */","    case 'node':","        local.testCase_buildApidoc_default = local.testCase_buildApidoc_default || function (","            options,","            onError","        ) {","        /*","         * this function will test buildApidoc's default handling-behavior-behavior","         */","            options = { modulePathList: module.paths };","            local.buildApidoc(options, onError);","        };","","        local.testCase_buildApp_default = local.testCase_buildApp_default || function (","            options,","            onError","        ) {","        /*","         * this function will test buildApp's default handling-behavior-behavior","         */","            local.testCase_buildReadme_default(options, local.onErrorThrow);","            local.testCase_buildLib_default(options, local.onErrorThrow);","            local.testCase_buildTest_default(options, local.onErrorThrow);","            local.testCase_buildCustomOrg_default(options, local.onErrorThrow);","            options = [];","            local.buildApp(options, onError);","        };","","        local.testCase_buildCustomOrg_default = local.testCase_buildCustomOrg_default ||","            function (options, onError) {","            /*","             * this function will test buildCustomOrg's default handling-behavior","             */","                options = {};","                local.buildCustomOrg(options, onError);","            };","","        local.testCase_buildLib_default = local.testCase_buildLib_default || function (","            options,","            onError","        ) {","        /*","         * this function will test buildLib's default handling-behavior","         */","            options = {};","            local.buildLib(options, onError);","        };","","        local.testCase_buildReadme_default = local.testCase_buildReadme_default || function (","            options,","            onError","        ) {","        /*","         * this function will test buildReadme's default handling-behavior-behavior","         */","            options = {};","            local.buildReadme(options, onError);","        };","","        local.testCase_buildTest_default = local.testCase_buildTest_default || function (","            options,","            onError","        ) {","        /*","         * this function will test buildTest's default handling-behavior","         */","            options = {};","            local.buildTest(options, onError);","        };","","        local.testCase_webpage_default = local.testCase_webpage_default || function (","            options,","            onError","        ) {","        /*","         * this function will test webpage's default handling-behavior","         */","            options = { modeCoverageMerge: true, url: local.serverLocalHost + '?modeTest=1' };","            local.browserTest(options, onError);","        };","","        // run test-server","        local.testRunServer(local);","        break;","    }","}());",""],"l":{"12":2,"14":2,"19":2,"21":2,"23":2,"24":2,"25":2,"30":1,"37":2,"40":2,"43":1,"47":1,"50":1,"52":1,"55":2,"61":2,"62":2,"64":2,"70":1,"76":1,"82":2,"83":2,"85":2,"91":1,"98":1,"102":1,"105":1,"112":1,"119":1,"120":1,"123":1,"130":1,"131":1,"132":1,"133":1,"134":1,"135":1,"138":1,"143":2,"144":2,"147":1,"154":2,"155":2,"158":1,"165":2,"166":2,"169":1,"176":2,"177":2,"180":1,"187":1,"188":1,"192":1,"193":1}},"/home/travis/build/npmtest/node-npmtest-particles.js/lib.npmtest_particles.js.js":{"path":"/home/travis/build/npmtest/node-npmtest-particles.js/lib.npmtest_particles.js.js","s":{"1":2,"2":2,"3":2,"4":2,"5":2,"6":2,"7":2,"8":1,"9":2,"10":2,"11":2,"12":2,"13":1,"14":1,"15":1,"16":1},"b":{"1":[2,1,1,1],"2":[1,1,1,1],"3":[1,1],"4":[2,2],"5":[1,1]},"f":{"1":2,"2":2,"3":2},"fnMap":{"1":{"name":"(anonymous_1)","line":12,"loc":{"start":{"line":12,"column":1},"end":{"line":12,"column":13}}},"2":{"name":"(anonymous_2)","line":19,"loc":{"start":{"line":19,"column":5},"end":{"line":19,"column":17}}},"3":{"name":"(anonymous_3)","line":23,"loc":{"start":{"line":23,"column":24},"end":{"line":23,"column":36}}}},"statementMap":{"1":{"start":{"line":12,"column":0},"end":{"line":53,"column":5}},"2":{"start":{"line":14,"column":4},"end":{"line":14,"column":14}},"3":{"start":{"line":19,"column":4},"end":{"line":52,"column":9}},"4":{"start":{"line":21,"column":8},"end":{"line":21,"column":19}},"5":{"start":{"line":23,"column":8},"end":{"line":35,"column":13}},"6":{"start":{"line":24,"column":12},"end":{"line":34,"column":13}},"7":{"start":{"line":25,"column":16},"end":{"line":28,"column":30}},"8":{"start":{"line":30,"column":16},"end":{"line":33,"column":27}},"9":{"start":{"line":37,"column":8},"end":{"line":39,"column":21}},"10":{"start":{"line":41,"column":8},"end":{"line":41,"column":54}},"11":{"start":{"line":43,"column":8},"end":{"line":43,"column":57}},"12":{"start":{"line":45,"column":8},"end":{"line":51,"column":9}},"13":{"start":{"line":46,"column":12},"end":{"line":46,"column":63}},"14":{"start":{"line":48,"column":12},"end":{"line":48,"column":35}},"15":{"start":{"line":49,"column":12},"end":{"line":49,"column":49}},"16":{"start":{"line":50,"column":12},"end":{"line":50,"column":43}}},"branchMap":{"1":{"line":25,"type":"binary-expr","locations":[{"start":{"line":25,"column":23},"end":{"line":25,"column":62}},{"start":{"line":26,"column":20},"end":{"line":26,"column":70}},{"start":{"line":27,"column":20},"end":{"line":27,"column":71}},{"start":{"line":28,"column":20},"end":{"line":28,"column":29}}]},"2":{"line":30,"type":"binary-expr","locations":[{"start":{"line":30,"column":23},"end":{"line":30,"column":37}},{"start":{"line":31,"column":20},"end":{"line":31,"column":61}},{"start":{"line":32,"column":20},"end":{"line":32,"column":70}},{"start":{"line":33,"column":20},"end":{"line":33,"column":26}}]},"3":{"line":37,"type":"cond-expr","locations":[{"start":{"line":38,"column":14},"end":{"line":38,"column":20}},{"start":{"line":39,"column":14},"end":{"line":39,"column":20}}]},"4":{"line":41,"type":"binary-expr","locations":[{"start":{"line":41,"column":16},"end":{"line":41,"column":44}},{"start":{"line":41,"column":48},"end":{"line":41,"column":53}}]},"5":{"line":45,"type":"if","locations":[{"start":{"line":45,"column":8},"end":{"line":45,"column":8}},{"start":{"line":45,"column":8},"end":{"line":45,"column":8}}]}},"code":["/* istanbul instrument in package npmtest_particles_js */","/*jslint","    bitwise: true,","    browser: true,","    maxerr: 8,","    maxlen: 96,","    node: true,","    nomen: true,","    regexp: true,","    stupid: true","*/","(function () {","    'use strict';","    var local;","","","","    // run shared js-env code - pre-init","    (function () {","        // init local","        local = {};","        // init modeJs","        local.modeJs = (function () {","            try {","                return typeof navigator.userAgent === 'string' &&","                    typeof document.querySelector('body') === 'object' &&","                    typeof XMLHttpRequest.prototype.open === 'function' &&","                    'browser';","            } catch (errorCaughtBrowser) {","                return module.exports &&","                    typeof process.versions.node === 'string' &&","                    typeof require('http').createServer === 'function' &&","                    'node';","            }","        }());","        // init global","        local.global = local.modeJs === 'browser'","            ? window","            : global;","        // init utility2_rollup","        local = local.global.utility2_rollup || local;","        // init lib","        local.local = local.npmtest_particles_js = local;","        // init exports","        if (local.modeJs === 'browser') {","            local.global.utility2_npmtest_particles_js = local;","        } else {","            module.exports = local;","            module.exports.__dirname = __dirname;","            module.exports.module = module;","        }","    }());","}());",""],"l":{"12":2,"14":2,"19":2,"21":2,"23":2,"24":2,"25":2,"30":1,"37":2,"41":2,"43":2,"45":2,"46":1,"48":1,"49":1,"50":1}},"/home/travis/build/npmtest/node-npmtest-particles.js/example.js":{"path":"/home/travis/build/npmtest/node-npmtest-particles.js/example.js","s":{"1":2,"2":2,"3":2,"4":2,"5":2,"6":2,"7":2,"8":1,"9":2,"10":2,"11":2,"12":2,"13":1,"14":2,"15":2,"16":2,"17":2,"18":2,"19":0,"20":2,"21":1,"22":1,"23":1,"24":1,"25":1,"26":0,"27":0,"28":1,"29":1,"30":2,"31":0,"32":0,"33":0,"34":1,"35":2,"36":2,"37":3,"38":3,"39":3,"40":3,"41":0,"42":3,"43":3,"44":3,"45":1,"46":3,"47":1,"48":1,"49":1,"50":1,"51":1,"52":1,"53":1,"54":1,"55":1,"56":1,"57":0,"58":1,"59":6,"60":6,"61":1,"62":2,"63":0,"64":2,"65":1,"66":1,"67":0,"68":0,"69":0,"70":0,"71":0,"72":0,"73":0,"74":0,"75":0,"76":0,"77":0,"78":0,"79":0,"80":0,"81":0,"82":0,"83":0},"b":{"1":[2,1,1,1],"2":[1,1,1,1],"3":[1,1],"4":[2,2],"5":[1,1],"6":[1,1],"7":[2,0],"8":[2,1,1,1,1,1],"9":[0,2,0],"10":[1,1],"11":[2,1,1],"12":[1,0],"13":[0,2],"14":[2,0,0,0,0,0,0],"15":[0,3],"16":[3,0],"17":[1,1],"18":[0,1],"19":[1,2,0,2],"20":[1,0],"21":[1,1],"22":[0,0],"23":[0,0],"24":[0,0],"25":[0,0],"26":[0,0],"27":[0,0],"28":[0,0]},"f":{"1":2,"2":2,"3":2,"4":2,"5":2,"6":2,"7":3,"8":3,"9":3,"10":1,"11":6,"12":0},"fnMap":{"1":{"name":"(anonymous_1)","line":26,"loc":{"start":{"line":26,"column":1},"end":{"line":26,"column":13}}},"2":{"name":"(anonymous_2)","line":33,"loc":{"start":{"line":33,"column":5},"end":{"line":33,"column":17}}},"3":{"name":"(anonymous_3)","line":37,"loc":{"start":{"line":37,"column":24},"end":{"line":37,"column":36}}},"4":{"name":"(anonymous_4)","line":69,"loc":{"start":{"line":69,"column":31},"end":{"line":69,"column":48}},"skip":true},"5":{"name":"(anonymous_5)","line":78,"loc":{"start":{"line":78,"column":26},"end":{"line":78,"column":45}},"skip":true},"6":{"name":"(anonymous_6)","line":123,"loc":{"start":{"line":123,"column":33},"end":{"line":123,"column":48}},"skip":true},"7":{"name":"(anonymous_7)","line":125,"loc":{"start":{"line":125,"column":27},"end":{"line":125,"column":39}},"skip":true},"8":{"name":"(anonymous_8)","line":133,"loc":{"start":{"line":133,"column":59},"end":{"line":133,"column":74}},"skip":true},"9":{"name":"(anonymous_9)","line":143,"loc":{"start":{"line":143,"column":45},"end":{"line":143,"column":62}},"skip":true},"10":{"name":"(anonymous_10)","line":144,"loc":{"start":{"line":144,"column":73},"end":{"line":144,"column":92}},"skip":true},"11":{"name":"(anonymous_11)","line":272,"loc":{"start":{"line":272,"column":51},"end":{"line":272,"column":77}},"skip":true},"12":{"name":"(anonymous_12)","line":315,"loc":{"start":{"line":315,"column":32},"end":{"line":315,"column":61}},"skip":true}},"statementMap":{"1":{"start":{"line":26,"column":0},"end":{"line":326,"column":5}},"2":{"start":{"line":28,"column":4},"end":{"line":28,"column":14}},"3":{"start":{"line":33,"column":4},"end":{"line":60,"column":9}},"4":{"start":{"line":35,"column":8},"end":{"line":35,"column":19}},"5":{"start":{"line":37,"column":8},"end":{"line":49,"column":13}},"6":{"start":{"line":38,"column":12},"end":{"line":48,"column":13}},"7":{"start":{"line":39,"column":16},"end":{"line":42,"column":30}},"8":{"start":{"line":44,"column":16},"end":{"line":47,"column":27}},"9":{"start":{"line":51,"column":8},"end":{"line":53,"column":21}},"10":{"start":{"line":55,"column":8},"end":{"line":57,"column":45}},"11":{"start":{"line":59,"column":8},"end":{"line":59,"column":35}},"12":{"start":{"line":61,"column":4},"end":{"line":325,"column":5}},"13":{"start":{"line":69,"column":8},"end":{"line":121,"column":10},"skip":true},"14":{"start":{"line":70,"column":12},"end":{"line":88,"column":13},"skip":true},"15":{"start":{"line":76,"column":16},"end":{"line":87,"column":19},"skip":true},"16":{"start":{"line":79,"column":20},"end":{"line":86,"column":21},"skip":true},"17":{"start":{"line":82,"column":24},"end":{"line":82,"column":43},"skip":true},"18":{"start":{"line":83,"column":24},"end":{"line":83,"column":30},"skip":true},"19":{"start":{"line":85,"column":24},"end":{"line":85,"column":49},"skip":true},"20":{"start":{"line":89,"column":12},"end":{"line":107,"column":13},"skip":true},"21":{"start":{"line":92,"column":16},"end":{"line":102,"column":17},"skip":true},"22":{"start":{"line":93,"column":20},"end":{"line":93,"column":86},"skip":true},"23":{"start":{"line":94,"column":20},"end":{"line":95,"column":45},"skip":true},"24":{"start":{"line":96,"column":20},"end":{"line":96,"column":42},"skip":true},"25":{"start":{"line":97,"column":20},"end":{"line":97,"column":48},"skip":true},"26":{"start":{"line":100,"column":20},"end":{"line":100,"column":85},"skip":true},"27":{"start":{"line":101,"column":20},"end":{"line":101,"column":96},"skip":true},"28":{"start":{"line":103,"column":16},"end":{"line":103,"column":22},"skip":true},"29":{"start":{"line":106,"column":16},"end":{"line":106,"column":22},"skip":true},"30":{"start":{"line":108,"column":12},"end":{"line":120,"column":13},"skip":true},"31":{"start":{"line":114,"column":16},"end":{"line":119,"column":17},"skip":true},"32":{"start":{"line":116,"column":20},"end":{"line":116,"column":78},"skip":true},"33":{"start":{"line":118,"column":20},"end":{"line":118,"column":47},"skip":true},"34":{"start":{"line":123,"column":8},"end":{"line":141,"column":11},"skip":true},"35":{"start":{"line":124,"column":12},"end":{"line":124,"column":54},"skip":true},"36":{"start":{"line":125,"column":12},"end":{"line":140,"column":14},"skip":true},"37":{"start":{"line":126,"column":16},"end":{"line":126,"column":28},"skip":true},"38":{"start":{"line":127,"column":16},"end":{"line":127,"column":69},"skip":true},"39":{"start":{"line":128,"column":16},"end":{"line":128,"column":75},"skip":true},"40":{"start":{"line":129,"column":16},"end":{"line":131,"column":17},"skip":true},"41":{"start":{"line":130,"column":20},"end":{"line":130,"column":27},"skip":true},"42":{"start":{"line":133,"column":16},"end":{"line":137,"column":36},"skip":true},"43":{"start":{"line":134,"column":20},"end":{"line":136,"column":55},"skip":true},"44":{"start":{"line":139,"column":16},"end":{"line":139,"column":57},"skip":true},"45":{"start":{"line":143,"column":8},"end":{"line":147,"column":11},"skip":true},"46":{"start":{"line":144,"column":12},"end":{"line":146,"column":15},"skip":true},"47":{"start":{"line":145,"column":16},"end":{"line":145,"column":70},"skip":true},"48":{"start":{"line":149,"column":8},"end":{"line":149,"column":31},"skip":true},"49":{"start":{"line":150,"column":8},"end":{"line":150,"column":14},"skip":true},"50":{"start":{"line":158,"column":8},"end":{"line":158,"column":31},"skip":true},"51":{"start":{"line":160,"column":8},"end":{"line":160,"column":33},"skip":true},"52":{"start":{"line":161,"column":8},"end":{"line":161,"column":37},"skip":true},"53":{"start":{"line":162,"column":8},"end":{"line":162,"column":35},"skip":true},"54":{"start":{"line":164,"column":8},"end":{"line":164,"column":50},"skip":true},"55":{"start":{"line":166,"column":8},"end":{"line":256,"column":2},"skip":true},"56":{"start":{"line":258,"column":8},"end":{"line":286,"column":9},"skip":true},"57":{"start":{"line":259,"column":12},"end":{"line":269,"column":14},"skip":true},"58":{"start":{"line":271,"column":12},"end":{"line":285,"column":19},"skip":true},"59":{"start":{"line":274,"column":20},"end":{"line":274,"column":35},"skip":true},"60":{"start":{"line":275,"column":20},"end":{"line":284,"column":21},"skip":true},"61":{"start":{"line":277,"column":24},"end":{"line":277,"column":64},"skip":true},"62":{"start":{"line":279,"column":24},"end":{"line":279,"column":40},"skip":true},"63":{"start":{"line":281,"column":24},"end":{"line":281,"column":40},"skip":true},"64":{"start":{"line":283,"column":24},"end":{"line":283,"column":39},"skip":true},"65":{"start":{"line":288,"column":8},"end":{"line":290,"column":9},"skip":true},"66":{"start":{"line":289,"column":12},"end":{"line":289,"column":18},"skip":true},"67":{"start":{"line":291,"column":8},"end":{"line":293,"column":54},"skip":true},"68":{"start":{"line":296,"column":8},"end":{"line":301,"column":37},"skip":true},"69":{"start":{"line":303,"column":8},"end":{"line":303,"column":82},"skip":true},"70":{"start":{"line":306,"column":8},"end":{"line":308,"column":9},"skip":true},"71":{"start":{"line":307,"column":12},"end":{"line":307,"column":82},"skip":true},"72":{"start":{"line":310,"column":8},"end":{"line":312,"column":9},"skip":true},"73":{"start":{"line":311,"column":12},"end":{"line":311,"column":18},"skip":true},"74":{"start":{"line":313,"column":8},"end":{"line":313,"column":54},"skip":true},"75":{"start":{"line":314,"column":8},"end":{"line":314,"column":69},"skip":true},"76":{"start":{"line":315,"column":8},"end":{"line":323,"column":36},"skip":true},"77":{"start":{"line":316,"column":12},"end":{"line":316,"column":61},"skip":true},"78":{"start":{"line":317,"column":12},"end":{"line":320,"column":13},"skip":true},"79":{"start":{"line":318,"column":16},"end":{"line":318,"column":75},"skip":true},"80":{"start":{"line":319,"column":16},"end":{"line":319,"column":23},"skip":true},"81":{"start":{"line":321,"column":12},"end":{"line":321,"column":38},"skip":true},"82":{"start":{"line":322,"column":12},"end":{"line":322,"column":27},"skip":true},"83":{"start":{"line":324,"column":8},"end":{"line":324,"column":14},"skip":true}},"branchMap":{"1":{"line":39,"type":"binary-expr","locations":[{"start":{"line":39,"column":23},"end":{"line":39,"column":62}},{"start":{"line":40,"column":20},"end":{"line":40,"column":70}},{"start":{"line":41,"column":20},"end":{"line":41,"column":71}},{"start":{"line":42,"column":20},"end":{"line":42,"column":29}}]},"2":{"line":44,"type":"binary-expr","locations":[{"start":{"line":44,"column":23},"end":{"line":44,"column":37}},{"start":{"line":45,"column":20},"end":{"line":45,"column":61}},{"start":{"line":46,"column":20},"end":{"line":46,"column":70}},{"start":{"line":47,"column":20},"end":{"line":47,"column":26}}]},"3":{"line":51,"type":"cond-expr","locations":[{"start":{"line":52,"column":14},"end":{"line":52,"column":20}},{"start":{"line":53,"column":14},"end":{"line":53,"column":20}}]},"4":{"line":55,"type":"binary-expr","locations":[{"start":{"line":55,"column":16},"end":{"line":55,"column":44}},{"start":{"line":55,"column":49},"end":{"line":57,"column":43}}]},"5":{"line":55,"type":"cond-expr","locations":[{"start":{"line":56,"column":14},"end":{"line":56,"column":56}},{"start":{"line":57,"column":14},"end":{"line":57,"column":43}}]},"6":{"line":61,"type":"switch","locations":[{"start":{"line":68,"column":4},"end":{"line":150,"column":14},"skip":true},{"start":{"line":156,"column":4},"end":{"line":324,"column":14},"skip":true}]},"7":{"line":70,"type":"if","locations":[{"start":{"line":70,"column":12},"end":{"line":70,"column":12},"skip":true},{"start":{"line":70,"column":12},"end":{"line":70,"column":12},"skip":true}]},"8":{"line":70,"type":"binary-expr","locations":[{"start":{"line":70,"column":16},"end":{"line":70,"column":22},"skip":true},{"start":{"line":70,"column":27},"end":{"line":70,"column":32},"skip":true},{"start":{"line":71,"column":20},"end":{"line":71,"column":39},"skip":true},{"start":{"line":72,"column":20},"end":{"line":72,"column":49},"skip":true},{"start":{"line":73,"column":20},"end":{"line":73,"column":58},"skip":true},{"start":{"line":74,"column":20},"end":{"line":74,"column":69},"skip":true}]},"9":{"line":79,"type":"switch","locations":[{"start":{"line":80,"column":20},"end":{"line":80,"column":33},"skip":true},{"start":{"line":81,"column":20},"end":{"line":83,"column":30},"skip":true},{"start":{"line":84,"column":20},"end":{"line":85,"column":49},"skip":true}]},"10":{"line":89,"type":"switch","locations":[{"start":{"line":90,"column":12},"end":{"line":103,"column":22},"skip":true},{"start":{"line":105,"column":12},"end":{"line":106,"column":22},"skip":true}]},"11":{"line":89,"type":"binary-expr","locations":[{"start":{"line":89,"column":20},"end":{"line":89,"column":25},"skip":true},{"start":{"line":89,"column":29},"end":{"line":89,"column":48},"skip":true},{"start":{"line":89,"column":52},"end":{"line":89,"column":74},"skip":true}]},"12":{"line":92,"type":"if","locations":[{"start":{"line":92,"column":16},"end":{"line":92,"column":16},"skip":true},{"start":{"line":92,"column":16},"end":{"line":92,"column":16},"skip":true}]},"13":{"line":108,"type":"if","locations":[{"start":{"line":108,"column":12},"end":{"line":108,"column":12},"skip":true},{"start":{"line":108,"column":12},"end":{"line":108,"column":12},"skip":true}]},"14":{"line":108,"type":"binary-expr","locations":[{"start":{"line":108,"column":16},"end":{"line":108,"column":61},"skip":true},{"start":{"line":108,"column":66},"end":{"line":108,"column":72},"skip":true},{"start":{"line":108,"column":77},"end":{"line":108,"column":82},"skip":true},{"start":{"line":109,"column":20},"end":{"line":109,"column":39},"skip":true},{"start":{"line":110,"column":20},"end":{"line":110,"column":49},"skip":true},{"start":{"line":111,"column":20},"end":{"line":111,"column":58},"skip":true},{"start":{"line":112,"column":20},"end":{"line":112,"column":68},"skip":true}]},"15":{"line":129,"type":"if","locations":[{"start":{"line":129,"column":16},"end":{"line":129,"column":16},"skip":true},{"start":{"line":129,"column":16},"end":{"line":129,"column":16},"skip":true}]},"16":{"line":134,"type":"cond-expr","locations":[{"start":{"line":135,"column":26},"end":{"line":135,"column":29},"skip":true},{"start":{"line":136,"column":26},"end":{"line":136,"column":54},"skip":true}]},"17":{"line":164,"type":"binary-expr","locations":[{"start":{"line":164,"column":27},"end":{"line":164,"column":43},"skip":true},{"start":{"line":164,"column":47},"end":{"line":164,"column":49},"skip":true}]},"18":{"line":258,"type":"if","locations":[{"start":{"line":258,"column":8},"end":{"line":258,"column":8},"skip":true},{"start":{"line":258,"column":8},"end":{"line":258,"column":8},"skip":true}]},"19":{"line":275,"type":"switch","locations":[{"start":{"line":276,"column":20},"end":{"line":277,"column":64},"skip":true},{"start":{"line":278,"column":20},"end":{"line":279,"column":40},"skip":true},{"start":{"line":280,"column":20},"end":{"line":281,"column":40},"skip":true},{"start":{"line":282,"column":20},"end":{"line":283,"column":39},"skip":true}]},"20":{"line":288,"type":"if","locations":[{"start":{"line":288,"column":8},"end":{"line":288,"column":8},"skip":true},{"start":{"line":288,"column":8},"end":{"line":288,"column":8},"skip":true}]},"21":{"line":288,"type":"binary-expr","locations":[{"start":{"line":288,"column":12},"end":{"line":288,"column":40},"skip":true},{"start":{"line":288,"column":44},"end":{"line":288,"column":67},"skip":true}]},"22":{"line":292,"type":"binary-expr","locations":[{"start":{"line":292,"column":12},"end":{"line":292,"column":50},"skip":true},{"start":{"line":293,"column":12},"end":{"line":293,"column":53},"skip":true}]},"23":{"line":297,"type":"binary-expr","locations":[{"start":{"line":297,"column":12},"end":{"line":297,"column":70},"skip":true},{"start":{"line":298,"column":12},"end":{"line":301,"column":36},"skip":true}]},"24":{"line":303,"type":"binary-expr","locations":[{"start":{"line":303,"column":43},"end":{"line":303,"column":75},"skip":true},{"start":{"line":303,"column":79},"end":{"line":303,"column":81},"skip":true}]},"25":{"line":306,"type":"if","locations":[{"start":{"line":306,"column":8},"end":{"line":306,"column":8},"skip":true},{"start":{"line":306,"column":8},"end":{"line":306,"column":8},"skip":true}]},"26":{"line":310,"type":"if","locations":[{"start":{"line":310,"column":8},"end":{"line":310,"column":8},"skip":true},{"start":{"line":310,"column":8},"end":{"line":310,"column":8},"skip":true}]},"27":{"line":313,"type":"binary-expr","locations":[{"start":{"line":313,"column":27},"end":{"line":313,"column":43},"skip":true},{"start":{"line":313,"column":47},"end":{"line":313,"column":53},"skip":true}]},"28":{"line":317,"type":"if","locations":[{"start":{"line":317,"column":12},"end":{"line":317,"column":12},"skip":true},{"start":{"line":317,"column":12},"end":{"line":317,"column":12},"skip":true}]}},"code":["/*","example.js","","quickstart example","","instruction","    1. save this script as example.js","    2. run the shell command:","        $ npm install npmtest-particles.js && PORT=8081 node example.js","    3. play with the browser-demo on http://127.0.0.1:8081","*/","","","","/* istanbul instrument in package npmtest_particles_js */","/*jslint","    bitwise: true,","    browser: true,","    maxerr: 8,","    maxlen: 96,","    node: true,","    nomen: true,","    regexp: true,","    stupid: true","*/","(function () {","    'use strict';","    var local;","","","","    // run shared js-env code - pre-init","    (function () {","        // init local","        local = {};","        // init modeJs","        local.modeJs = (function () {","            try {","                return typeof navigator.userAgent === 'string' &&","                    typeof document.querySelector('body') === 'object' &&","                    typeof XMLHttpRequest.prototype.open === 'function' &&","                    'browser';","            } catch (errorCaughtBrowser) {","                return module.exports &&","                    typeof process.versions.node === 'string' &&","                    typeof require('http').createServer === 'function' &&","                    'node';","            }","        }());","        // init global","        local.global = local.modeJs === 'browser'","            ? window","            : global;","        // init utility2_rollup","        local = local.global.utility2_rollup || (local.modeJs === 'browser'","            ? local.global.utility2_npmtest_particles_js","            : global.utility2_moduleExports);","        // export local","        local.global.local = local;","    }());","    switch (local.modeJs) {","","","","    // post-init","    // run browser js-env code - post-init","    /* istanbul ignore next */","    case 'browser':","        local.testRunBrowser = function (event) {","            if (!event || (event &&","                    event.currentTarget &&","                    event.currentTarget.className &&","                    event.currentTarget.className.includes &&","                    event.currentTarget.className.includes('onreset'))) {","                // reset output","                Array.from(","                    document.querySelectorAll('body > .resettable')","                ).forEach(function (element) {","                    switch (element.tagName) {","                    case 'INPUT':","                    case 'TEXTAREA':","                        element.value = '';","                        break;","                    default:","                        element.textContent = '';","                    }","                });","            }","            switch (event && event.currentTarget && event.currentTarget.id) {","            case 'testRunButton1':","                // show tests","                if (document.querySelector('#testReportDiv1').style.display === 'none') {","                    document.querySelector('#testReportDiv1').style.display = 'block';","                    document.querySelector('#testRunButton1').textContent =","                        'hide internal test';","                    local.modeTest = true;","                    local.testRunDefault(local);","                // hide tests","                } else {","                    document.querySelector('#testReportDiv1').style.display = 'none';","                    document.querySelector('#testRunButton1').textContent = 'run internal test';","                }","                break;","            // custom-case","            default:","                break;","            }","            if (document.querySelector('#inputTextareaEval1') && (!event || (event &&","                    event.currentTarget &&","                    event.currentTarget.className &&","                    event.currentTarget.className.includes &&","                    event.currentTarget.className.includes('oneval')))) {","                // try to eval input-code","                try {","                    /*jslint evil: true*/","                    eval(document.querySelector('#inputTextareaEval1').value);","                } catch (errorCaught) {","                    console.error(errorCaught);","                }","            }","        };","        // log stderr and stdout to #outputTextareaStdout1","        ['error', 'log'].forEach(function (key) {","            console[key + '_original'] = console[key];","            console[key] = function () {","                var element;","                console[key + '_original'].apply(console, arguments);","                element = document.querySelector('#outputTextareaStdout1');","                if (!element) {","                    return;","                }","                // append text to #outputTextareaStdout1","                element.value += Array.from(arguments).map(function (arg) {","                    return typeof arg === 'string'","                        ? arg","                        : JSON.stringify(arg, null, 4);","                }).join(' ') + '\\n';","                // scroll textarea to bottom","                element.scrollTop = element.scrollHeight;","            };","        });","        // init event-handling","        ['change', 'click', 'keyup'].forEach(function (event) {","            Array.from(document.querySelectorAll('.on' + event)).forEach(function (element) {","                element.addEventListener(event, local.testRunBrowser);","            });","        });","        // run tests","        local.testRunBrowser();","        break;","","","","    // run node js-env code - post-init","    /* istanbul ignore next */","    case 'node':","        // export local","        module.exports = local;","        // require modules","        local.fs = require('fs');","        local.http = require('http');","        local.url = require('url');","        // init assets","        local.assetsDict = local.assetsDict || {};","        /* jslint-ignore-begin */","        local.assetsDict['/assets.index.template.html'] = '\\","<!doctype html>\\n\\","<html lang=\"en\">\\n\\","<head>\\n\\","<meta charset=\"UTF-8\">\\n\\","<meta name=\"viewport\" content=\"width=device-width, initial-scale=1\">\\n\\","<title>{{env.npm_package_name}} (v{{env.npm_package_version}})</title>\\n\\","<style>\\n\\","/*csslint\\n\\","    box-sizing: false,\\n\\","    universal-selector: false\\n\\","*/\\n\\","* {\\n\\","    box-sizing: border-box;\\n\\","}\\n\\","body {\\n\\","    background: #dde;\\n\\","    font-family: Arial, Helvetica, sans-serif;\\n\\","    margin: 2rem;\\n\\","}\\n\\","body > * {\\n\\","    margin-bottom: 1rem;\\n\\","}\\n\\",".utility2FooterDiv {\\n\\","    margin-top: 20px;\\n\\","    text-align: center;\\n\\","}\\n\\","</style>\\n\\","<style>\\n\\","/*csslint\\n\\","*/\\n\\","textarea {\\n\\","    font-family: monospace;\\n\\","    height: 10rem;\\n\\","    width: 100%;\\n\\","}\\n\\","textarea[readonly] {\\n\\","    background: #ddd;\\n\\","}\\n\\","</style>\\n\\","</head>\\n\\","<body>\\n\\","<!-- utility2-comment\\n\\","<div id=\"ajaxProgressDiv1\" style=\"background: #d00; height: 2px; left: 0; margin: 0; padding: 0; position: fixed; top: 0; transition: background 0.5s, width 1.5s; width: 25%;\"></div>\\n\\","utility2-comment -->\\n\\","<h1>\\n\\","<!-- utility2-comment\\n\\","    <a\\n\\","        {{#if env.npm_package_homepage}}\\n\\","        href=\"{{env.npm_package_homepage}}\"\\n\\","        {{/if env.npm_package_homepage}}\\n\\","        target=\"_blank\"\\n\\","    >\\n\\","utility2-comment -->\\n\\","        {{env.npm_package_name}} (v{{env.npm_package_version}})\\n\\","<!-- utility2-comment\\n\\","    </a>\\n\\","utility2-comment -->\\n\\","</h1>\\n\\","<h3>{{env.npm_package_description}}</h3>\\n\\","<!-- utility2-comment\\n\\","<h4><a download href=\"assets.app.js\">download standalone app</a></h4>\\n\\","<button class=\"onclick onreset\" id=\"testRunButton1\">run internal test</button><br>\\n\\","<div id=\"testReportDiv1\" style=\"display: none;\"></div>\\n\\","utility2-comment -->\\n\\","\\n\\","\\n\\","\\n\\","<label>stderr and stdout</label>\\n\\","<textarea class=\"resettable\" id=\"outputTextareaStdout1\" readonly></textarea>\\n\\","<!-- utility2-comment\\n\\","{{#if isRollup}}\\n\\","<script src=\"assets.app.js\"></script>\\n\\","{{#unless isRollup}}\\n\\","utility2-comment -->\\n\\","<script src=\"assets.utility2.rollup.js\"></script>\\n\\","<script src=\"jsonp.utility2._stateInit?callback=window.utility2._stateInit\"></script>\\n\\","<script src=\"assets.npmtest_particles_js.rollup.js\"></script>\\n\\","<script src=\"assets.example.js\"></script>\\n\\","<script src=\"assets.test.js\"></script>\\n\\","<!-- utility2-comment\\n\\","{{/if isRollup}}\\n\\","utility2-comment -->\\n\\","<div class=\"utility2FooterDiv\">\\n\\","    [ this app was created with\\n\\","    <a href=\"https://github.com/kaizhu256/node-utility2\" target=\"_blank\">utility2</a>\\n\\","    ]\\n\\","</div>\\n\\","</body>\\n\\","</html>\\n\\","';","        /* jslint-ignore-end */","        if (local.templateRender) {","            local.assetsDict['/'] = local.templateRender(","                local.assetsDict['/assets.index.template.html'],","                {","                    env: local.objectSetDefault(local.env, {","                        npm_package_description: 'the greatest app in the world!',","                        npm_package_name: 'my-app',","                        npm_package_nameAlias: 'my_app',","                        npm_package_version: '0.0.1'","                    })","                }","            );","        } else {","            local.assetsDict['/'] = local.assetsDict['/assets.index.template.html']","                .replace((/\\{\\{env\\.(\\w+?)\\}\\}/g), function (match0, match1) {","                    // jslint-hack","                    String(match0);","                    switch (match1) {","                    case 'npm_package_description':","                        return 'the greatest app in the world!';","                    case 'npm_package_name':","                        return 'my-app';","                    case 'npm_package_nameAlias':","                        return 'my_app';","                    case 'npm_package_version':","                        return '0.0.1';","                    }","                });","        }","        // run the cli","        if (local.global.utility2_rollup || module !== require.main) {","            break;","        }","        local.assetsDict['/assets.example.js'] =","            local.assetsDict['/assets.example.js'] ||","            local.fs.readFileSync(__filename, 'utf8');","        // bug-workaround - long $npm_package_buildCustomOrg","        /* jslint-ignore-begin */","        local.assetsDict['/assets.npmtest_particles_js.rollup.js'] =","            local.assetsDict['/assets.npmtest_particles_js.rollup.js'] ||","            local.fs.readFileSync(","                local.npmtest_particles_js.__dirname + '/lib.npmtest_particles_js.js',","                'utf8'","            ).replace((/^#!/), '//');","        /* jslint-ignore-end */","        local.assetsDict['/favicon.ico'] = local.assetsDict['/favicon.ico'] || '';","        // if $npm_config_timeout_exit exists,","        // then exit this process after $npm_config_timeout_exit ms","        if (Number(process.env.npm_config_timeout_exit)) {","            setTimeout(process.exit, Number(process.env.npm_config_timeout_exit));","        }","        // start server","        if (local.global.utility2_serverHttp1) {","            break;","        }","        process.env.PORT = process.env.PORT || '8081';","        console.error('server starting on port ' + process.env.PORT);","        local.http.createServer(function (request, response) {","            request.urlParsed = local.url.parse(request.url);","            if (local.assetsDict[request.urlParsed.pathname] !== undefined) {","                response.end(local.assetsDict[request.urlParsed.pathname]);","                return;","            }","            response.statusCode = 404;","            response.end();","        }).listen(process.env.PORT);","        break;","    }","}());",""],"l":{"26":2,"28":2,"33":2,"35":2,"37":2,"38":2,"39":2,"44":1,"51":2,"55":2,"59":2,"61":2,"69":1,"70":2,"76":2,"79":2,"82":2,"83":2,"85":1,"89":2,"92":1,"93":1,"94":1,"96":1,"97":1,"100":1,"101":1,"103":1,"106":1,"108":2,"114":1,"116":1,"118":1,"123":1,"124":2,"125":2,"126":3,"127":3,"128":3,"129":3,"130":1,"133":3,"134":3,"139":3,"143":1,"144":3,"145":1,"149":1,"150":1,"158":1,"160":1,"161":1,"162":1,"164":1,"166":1,"258":1,"259":1,"271":1,"274":6,"275":6,"277":1,"279":2,"281":1,"283":2,"288":1,"289":1,"291":1,"296":1,"303":1,"306":1,"307":1,"310":1,"311":1,"313":1,"314":1,"315":1,"316":1,"317":1,"318":1,"319":1,"321":1,"322":1,"324":1}},"/home/travis/build/npmtest/node-npmtest-particles.js/node_modules/particles.js/particles.js":{"path":"/home/travis/build/npmtest/node-npmtest-particles.js/node_modules/particles.js/particles.js","s":{"1":2,"2":0,"3":0,"4":0,"5":0,"6":0,"7":0,"8":0,"9":0,"10":0,"11":0,"12":0,"13":0,"14":0,"15":0,"16":0,"17":0,"18":0,"19":0,"20":0,"21":0,"22":0,"23":0,"24":0,"25":0,"26":0,"27":0,"28":0,"29":0,"30":0,"31":0,"32":0,"33":0,"34":0,"35":0,"36":0,"37":0,"38":0,"39":0,"40":0,"41":0,"42":0,"43":0,"44":0,"45":0,"46":0,"47":0,"48":0,"49":0,"50":0,"51":0,"52":0,"53":0,"54":0,"55":0,"56":0,"57":0,"58":0,"59":0,"60":0,"61":0,"62":0,"63":0,"64":0,"65":0,"66":0,"67":0,"68":0,"69":0,"70":0,"71":0,"72":0,"73":0,"74":0,"75":0,"76":0,"77":0,"78":0,"79":0,"80":0,"81":0,"82":0,"83":0,"84":0,"85":0,"86":0,"87":0,"88":0,"89":0,"90":0,"91":0,"92":0,"93":0,"94":0,"95":0,"96":0,"97":0,"98":0,"99":0,"100":0,"101":0,"102":0,"103":0,"104":0,"105":0,"106":0,"107":0,"108":0,"109":0,"110":0,"111":0,"112":0,"113":0,"114":0,"115":0,"116":0,"117":0,"118":0,"119":0,"120":0,"121":0,"122":0,"123":0,"124":0,"125":0,"126":0,"127":0,"128":0,"129":0,"130":0,"131":0,"132":0,"133":0,"134":0,"135":0,"136":0,"137":0,"138":0,"139":0,"140":0,"141":0,"142":0,"143":0,"144":0,"145":0,"146":0,"147":0,"148":0,"149":0,"150":0,"151":0,"152":0,"153":0,"154":0,"155":0,"156":0,"157":1,"158":0,"159":0,"160":0,"161":0,"162":0,"163":0,"164":0,"165":0,"166":0,"167":0,"168":0,"169":0,"170":0,"171":0,"172":0,"173":0,"174":0,"175":0,"176":0,"177":0,"178":0,"179":0,"180":0,"181":0,"182":0,"183":0,"184":0,"185":0,"186":0,"187":0,"188":0,"189":0,"190":0,"191":0,"192":0,"193":0,"194":0,"195":0,"196":0,"197":0,"198":0,"199":0,"200":0,"201":0,"202":0,"203":0,"204":0,"205":0,"206":0,"207":0,"208":0,"209":0,"210":0,"211":0,"212":0,"213":0,"214":0,"215":0,"216":0,"217":0,"218":0,"219":0,"220":0,"221":0,"222":0,"223":0,"224":0,"225":0,"226":0,"227":0,"228":0,"229":0,"230":0,"231":0,"232":0,"233":0,"234":0,"235":0,"236":0,"237":0,"238":0,"239":0,"240":0,"241":0,"242":0,"243":0,"244":0,"245":0,"246":0,"247":0,"248":0,"249":0,"250":0,"251":0,"252":0,"253":0,"254":0,"255":0,"256":0,"257":0,"258":0,"259":0,"260":0,"261":0,"262":0,"263":0,"264":0,"265":0,"266":0,"267":0,"268":0,"269":0,"270":0,"271":0,"272":0,"273":0,"274":0,"275":0,"276":0,"277":0,"278":0,"279":0,"280":0,"281":0,"282":0,"283":0,"284":0,"285":0,"286":0,"287":0,"288":0,"289":0,"290":0,"291":0,"292":0,"293":0,"294":0,"295":0,"296":0,"297":0,"298":0,"299":0,"300":0,"301":1,"302":0,"303":0,"304":0,"305":0,"306":0,"307":0,"308":0,"309":0,"310":0,"311":0,"312":0,"313":0,"314":0,"315":0,"316":0,"317":0,"318":0,"319":0,"320":0,"321":0,"322":0,"323":0,"324":0,"325":0,"326":0,"327":0,"328":0,"329":0,"330":0,"331":0,"332":0,"333":0,"334":1,"335":0,"336":0,"337":0,"338":0,"339":0,"340":0,"341":0,"342":0,"343":0,"344":0,"345":0,"346":0,"347":0,"348":0,"349":0,"350":0,"351":0,"352":0,"353":0,"354":0,"355":0,"356":0,"357":0,"358":0,"359":0,"360":0,"361":0,"362":0,"363":0,"364":0,"365":0,"366":0,"367":0,"368":0,"369":0,"370":0,"371":0,"372":0,"373":0,"374":0,"375":0,"376":0,"377":0,"378":0,"379":0,"380":0,"381":0,"382":1,"383":0,"384":0,"385":0,"386":0,"387":0,"388":0,"389":0,"390":0,"391":0,"392":0,"393":0,"394":0,"395":0,"396":0,"397":0,"398":0,"399":0,"400":0,"401":0,"402":0,"403":0,"404":0,"405":0,"406":0,"407":0,"408":0,"409":0,"410":0,"411":0,"412":0,"413":0,"414":0,"415":0,"416":0,"417":0,"418":0,"419":0,"420":0,"421":0,"422":0,"423":0,"424":0,"425":0,"426":0,"427":0,"428":0,"429":0,"430":0,"431":0,"432":0,"433":0,"434":0,"435":0,"436":0,"437":0,"438":0,"439":0,"440":0,"441":0,"442":0,"443":0,"444":0,"445":0,"446":0,"447":0,"448":0,"449":0,"450":0,"451":0,"452":0,"453":0,"454":0,"455":0,"456":0,"457":0,"458":0,"459":0,"460":0,"461":0,"462":0,"463":0,"464":0,"465":0,"466":0,"467":0,"468":0,"469":0,"470":0,"471":0,"472":0,"473":0,"474":0,"475":0,"476":0,"477":0,"478":0,"479":0,"480":0,"481":0,"482":0,"483":0,"484":0,"485":0,"486":0,"487":0,"488":0,"489":0,"490":0,"491":0,"492":0,"493":0,"494":0,"495":0,"496":0,"497":0,"498":0,"499":0,"500":0,"501":0,"502":0,"503":0,"504":0,"505":0,"506":0,"507":0,"508":0,"509":0,"510":0,"511":0,"512":0,"513":0,"514":0,"515":0,"516":0,"517":0,"518":0,"519":0,"520":0,"521":0,"522":0,"523":0,"524":0,"525":0,"526":0,"527":0,"528":0,"529":0,"530":0,"531":0,"532":0,"533":0,"534":0,"535":0,"536":0,"537":0,"538":0,"539":0,"540":0,"541":0,"542":0,"543":0,"544":0,"545":0,"546":0,"547":0,"548":0,"549":0,"550":0,"551":0,"552":0,"553":0,"554":0,"555":0,"556":0,"557":0,"558":0,"559":0,"560":0,"561":0,"562":0,"563":0,"564":0,"565":0,"566":0,"567":0,"568":0,"569":0,"570":0,"571":0,"572":0,"573":0,"574":0,"575":0,"576":0,"577":0,"578":2,"579":0,"580":0,"581":0,"582":0,"583":0,"584":0,"585":2,"586":0,"587":0,"588":0,"589":0,"590":1,"591":0,"592":0,"593":0,"594":0,"595":0,"596":1,"597":0,"598":1,"599":0,"600":0,"601":0,"602":0,"603":0,"604":0,"605":0,"606":0,"607":0,"608":0,"609":0,"610":0,"611":0,"612":0,"613":0,"614":0,"615":0,"616":0,"617":0,"618":0,"619":0,"620":0,"621":0,"622":0,"623":0,"624":0,"625":0,"626":0,"627":0,"628":0,"629":0,"630":0},"b":{"1":[0,0],"2":[0,0],"3":[0,0],"4":[0,0],"5":[0,0],"6":[0,0],"7":[0,0],"8":[0,0],"9":[0,0],"10":[0,0],"11":[0,0],"12":[0,0],"13":[0,0],"14":[0,0],"15":[0,0],"16":[0,0],"17":[0,0],"18":[0,0],"19":[0,0],"20":[0,0],"21":[0,0,0],"22":[0,0],"23":[0,0,0],"24":[0,0],"25":[0,0],"26":[0,0],"27":[0,0],"28":[0,0],"29":[0,0,0,0,0,0,0,0,0],"30":[0,0],"31":[0,0],"32":[0,0],"33":[0,0],"34":[0,0],"35":[0,0],"36":[0,0],"37":[0,0],"38":[0,0],"39":[0,0],"40":[0,0],"41":[0,0],"42":[0,0,0,0,0,0],"43":[0,0],"44":[0,0],"45":[0,0],"46":[0,0],"47":[0,0],"48":[0,0],"49":[0,0],"50":[0,0],"51":[0,0],"52":[0,0],"53":[0,0],"54":[0,0],"55":[0,0],"56":[0,0],"57":[0,0],"58":[0,0],"59":[0,0],"60":[0,0],"61":[0,0],"62":[0],"63":[0,0],"64":[0,0],"65":[0,0],"66":[0,0],"67":[0,0],"68":[0,0],"69":[0,0],"70":[0,0],"71":[0,0],"72":[0,0],"73":[0,0],"74":[0,0],"75":[0,0],"76":[0,0],"77":[0,0],"78":[0,0],"79":[0,0],"80":[0,0],"81":[0,0],"82":[0,0],"83":[0,0],"84":[0,0],"85":[0,0],"86":[0,0],"87":[0,0],"88":[0,0],"89":[0,0],"90":[0,0],"91":[0,0],"92":[0,0],"93":[0,0],"94":[0,0],"95":[0,0],"96":[0,0],"97":[0,0],"98":[0,0],"99":[0,0],"100":[0,0],"101":[0,0],"102":[0,0],"103":[0,0],"104":[0,0],"105":[0,0],"106":[0,0],"107":[0,0],"108":[0,0],"109":[0,0],"110":[0,0],"111":[0,0],"112":[0,0],"113":[0,0],"114":[0,0],"115":[0,0],"116":[0,0],"117":[0,0],"118":[0,0],"119":[0,0],"120":[0,0],"121":[0,0,0],"122":[0,0],"123":[0,0],"124":[0,0],"125":[0,0],"126":[0,0],"127":[0,0],"128":[0,0],"129":[0,0],"130":[0,0],"131":[0,0],"132":[0,0],"133":[0,0],"134":[0,0],"135":[0,0],"136":[0,0],"137":[0,0],"138":[0,0],"139":[0,0],"140":[0,0],"141":[0,0],"142":[0,0],"143":[0,0],"144":[0,0],"145":[0,0],"146":[0,0],"147":[0,0],"148":[0,0],"149":[0,0],"150":[0,0],"151":[0,0],"152":[0,0,0,0],"153":[0,0],"154":[0,0],"155":[0,0],"156":[0,0],"157":[0,0],"158":[0,0],"159":[0,0],"160":[0,0],"161":[0,0],"162":[0,0],"163":[0,0,0],"164":[0,0],"165":[0,0],"166":[0,0],"167":[0,0],"168":[0,0],"169":[0,0],"170":[0,0],"171":[0,0],"172":[0,0],"173":[0,0],"174":[0,0],"175":[0,0],"176":[0,0],"177":[0,0],"178":[0,0],"179":[0,0],"180":[0,0],"181":[0,0],"182":[0,0],"183":[0,0,0],"184":[0,0],"185":[0,0,0,0,0,0],"186":[0,0,0,0,0,0],"187":[0,0],"188":[0,0],"189":[0,0],"190":[0,0],"191":[0,0],"192":[0,0],"193":[0,0],"194":[0,0]},"f":{"1":0,"2":0,"3":0,"4":0,"5":0,"6":0,"7":0,"8":0,"9":0,"10":0,"11":0,"12":0,"13":0,"14":0,"15":0,"16":0,"17":0,"18":0,"19":0,"20":0,"21":0,"22":0,"23":0,"24":0,"25":0,"26":0,"27":0,"28":0,"29":0,"30":0,"31":0,"32":0,"33":0,"34":0,"35":0,"36":0,"37":0,"38":0,"39":0,"40":0,"41":0,"42":0,"43":0,"44":0,"45":0,"46":0,"47":0,"48":0,"49":0,"50":0,"51":0,"52":0,"53":0,"54":0,"55":0,"56":0,"57":0},"fnMap":{"1":{"name":"(anonymous_1)","line":10,"loc":{"start":{"line":10,"column":10},"end":{"line":10,"column":34}}},"2":{"name":"(anonymous_2)","line":157,"loc":{"start":{"line":157,"column":22},"end":{"line":157,"column":32}}},"3":{"name":"(anonymous_3)","line":187,"loc":{"start":{"line":187,"column":22},"end":{"line":187,"column":32}}},"4":{"name":"(anonymous_4)","line":191,"loc":{"start":{"line":191,"column":22},"end":{"line":191,"column":32}}},"5":{"name":"(anonymous_5)","line":198,"loc":{"start":{"line":198,"column":40},"end":{"line":198,"column":50}}},"6":{"name":"(anonymous_6)","line":230,"loc":{"start":{"line":230,"column":23},"end":{"line":230,"column":33}}},"7":{"name":"(anonymous_7)","line":234,"loc":{"start":{"line":234,"column":23},"end":{"line":234,"column":33}}},"8":{"name":"(anonymous_8)","line":241,"loc":{"start":{"line":241,"column":20},"end":{"line":241,"column":54}}},"9":{"name":"(anonymous_9)","line":400,"loc":{"start":{"line":400,"column":35},"end":{"line":400,"column":46}}},"10":{"name":"draw","line":463,"loc":{"start":{"line":463,"column":8},"end":{"line":463,"column":23}}},"11":{"name":"(anonymous_11)","line":500,"loc":{"start":{"line":500,"column":27},"end":{"line":500,"column":37}}},"12":{"name":"(anonymous_12)","line":506,"loc":{"start":{"line":506,"column":27},"end":{"line":506,"column":37}}},"13":{"name":"(anonymous_13)","line":637,"loc":{"start":{"line":637,"column":25},"end":{"line":637,"column":35}}},"14":{"name":"(anonymous_14)","line":653,"loc":{"start":{"line":653,"column":26},"end":{"line":653,"column":36}}},"15":{"name":"(anonymous_15)","line":657,"loc":{"start":{"line":657,"column":28},"end":{"line":657,"column":38}}},"16":{"name":"(anonymous_16)","line":676,"loc":{"start":{"line":676,"column":34},"end":{"line":676,"column":50}}},"17":{"name":"(anonymous_17)","line":709,"loc":{"start":{"line":709,"column":38},"end":{"line":709,"column":54}}},"18":{"name":"(anonymous_18)","line":733,"loc":{"start":{"line":733,"column":36},"end":{"line":733,"column":52}}},"19":{"name":"(anonymous_19)","line":753,"loc":{"start":{"line":753,"column":31},"end":{"line":753,"column":48}}},"20":{"name":"(anonymous_20)","line":779,"loc":{"start":{"line":779,"column":33},"end":{"line":779,"column":45}}},"21":{"name":"(anonymous_21)","line":789,"loc":{"start":{"line":789,"column":32},"end":{"line":789,"column":43}}},"22":{"name":"init","line":799,"loc":{"start":{"line":799,"column":6},"end":{"line":799,"column":21}}},"23":{"name":"process","line":881,"loc":{"start":{"line":881,"column":6},"end":{"line":881,"column":78}}},"24":{"name":"(anonymous_24)","line":924,"loc":{"start":{"line":924,"column":33},"end":{"line":924,"column":44}}},"25":{"name":"process","line":972,"loc":{"start":{"line":972,"column":8},"end":{"line":972,"column":26}}},"26":{"name":"(anonymous_26)","line":1022,"loc":{"start":{"line":1022,"column":30},"end":{"line":1022,"column":41}}},"27":{"name":"(anonymous_27)","line":1062,"loc":{"start":{"line":1062,"column":35},"end":{"line":1062,"column":45}}},"28":{"name":"(anonymous_28)","line":1076,"loc":{"start":{"line":1076,"column":57},"end":{"line":1076,"column":68}}},"29":{"name":"(anonymous_29)","line":1100,"loc":{"start":{"line":1100,"column":58},"end":{"line":1100,"column":69}}},"30":{"name":"(anonymous_30)","line":1113,"loc":{"start":{"line":1113,"column":53},"end":{"line":1113,"column":63}}},"31":{"name":"(anonymous_31)","line":1148,"loc":{"start":{"line":1148,"column":25},"end":{"line":1148,"column":35}}},"32":{"name":"(anonymous_32)","line":1164,"loc":{"start":{"line":1164,"column":40},"end":{"line":1164,"column":50}}},"33":{"name":"(anonymous_33)","line":1187,"loc":{"start":{"line":1187,"column":32},"end":{"line":1187,"column":54}}},"34":{"name":"(anonymous_34)","line":1204,"loc":{"start":{"line":1204,"column":32},"end":{"line":1204,"column":43}}},"35":{"name":"(anonymous_35)","line":1209,"loc":{"start":{"line":1209,"column":47},"end":{"line":1209,"column":69}}},"36":{"name":"(anonymous_36)","line":1225,"loc":{"start":{"line":1225,"column":33},"end":{"line":1225,"column":43}}},"37":{"name":"(anonymous_37)","line":1236,"loc":{"start":{"line":1236,"column":30},"end":{"line":1236,"column":40}}},"38":{"name":"(anonymous_38)","line":1243,"loc":{"start":{"line":1243,"column":29},"end":{"line":1243,"column":110}}},"39":{"name":"(anonymous_39)","line":1265,"loc":{"start":{"line":1265,"column":29},"end":{"line":1265,"column":39}}},"40":{"name":"(anonymous_40)","line":1270,"loc":{"start":{"line":1270,"column":27},"end":{"line":1270,"column":41}}},"41":{"name":"(anonymous_41)","line":1280,"loc":{"start":{"line":1280,"column":33},"end":{"line":1280,"column":49}}},"42":{"name":"(anonymous_42)","line":1296,"loc":{"start":{"line":1296,"column":37},"end":{"line":1296,"column":47}}},"43":{"name":"(anonymous_43)","line":1312,"loc":{"start":{"line":1312,"column":24},"end":{"line":1312,"column":34}}},"44":{"name":"(anonymous_44)","line":1348,"loc":{"start":{"line":1348,"column":35},"end":{"line":1348,"column":45}}},"45":{"name":"(anonymous_45)","line":1373,"loc":{"start":{"line":1373,"column":24},"end":{"line":1373,"column":34}}},"46":{"name":"(anonymous_46)","line":1389,"loc":{"start":{"line":1389,"column":25},"end":{"line":1389,"column":35}}},"47":{"name":"(anonymous_47)","line":1416,"loc":{"start":{"line":1416,"column":20},"end":{"line":1416,"column":50}}},"48":{"name":"(anonymous_48)","line":1429,"loc":{"start":{"line":1429,"column":27},"end":{"line":1429,"column":37}}},"49":{"name":"(anonymous_49)","line":1435,"loc":{"start":{"line":1435,"column":4},"end":{"line":1435,"column":22}}},"50":{"name":"(anonymous_50)","line":1440,"loc":{"start":{"line":1440,"column":34},"end":{"line":1440,"column":45}}},"51":{"name":"hexToRgb","line":1449,"loc":{"start":{"line":1449,"column":0},"end":{"line":1449,"column":22}}},"52":{"name":"(anonymous_52)","line":1453,"loc":{"start":{"line":1453,"column":36},"end":{"line":1453,"column":57}}},"53":{"name":"clamp","line":1464,"loc":{"start":{"line":1464,"column":0},"end":{"line":1464,"column":33}}},"54":{"name":"isInArray","line":1468,"loc":{"start":{"line":1468,"column":0},"end":{"line":1468,"column":33}}},"55":{"name":"(anonymous_55)","line":1477,"loc":{"start":{"line":1477,"column":21},"end":{"line":1477,"column":45}}},"56":{"name":"(anonymous_56)","line":1522,"loc":{"start":{"line":1522,"column":26},"end":{"line":1522,"column":70}}},"57":{"name":"(anonymous_57)","line":1527,"loc":{"start":{"line":1527,"column":27},"end":{"line":1527,"column":43}}}},"statementMap":{"1":{"start":{"line":10,"column":0},"end":{"line":1412,"column":2}},"2":{"start":{"line":12,"column":2},"end":{"line":12,"column":82}},"3":{"start":{"line":15,"column":2},"end":{"line":135,"column":4}},"4":{"start":{"line":137,"column":2},"end":{"line":137,"column":21}},"5":{"start":{"line":140,"column":2},"end":{"line":142,"column":3}},"6":{"start":{"line":141,"column":4},"end":{"line":141,"column":35}},"7":{"start":{"line":144,"column":2},"end":{"line":154,"column":4}},"8":{"start":{"line":157,"column":2},"end":{"line":181,"column":4}},"9":{"start":{"line":159,"column":4},"end":{"line":166,"column":5}},"10":{"start":{"line":160,"column":6},"end":{"line":160,"column":51}},"11":{"start":{"line":161,"column":6},"end":{"line":161,"column":28}},"12":{"start":{"line":164,"column":6},"end":{"line":164,"column":29}},"13":{"start":{"line":165,"column":6},"end":{"line":165,"column":29}},"14":{"start":{"line":168,"column":4},"end":{"line":168,"column":66}},"15":{"start":{"line":169,"column":4},"end":{"line":169,"column":67}},"16":{"start":{"line":171,"column":4},"end":{"line":171,"column":75}},"17":{"start":{"line":172,"column":4},"end":{"line":172,"column":85}},"18":{"start":{"line":173,"column":4},"end":{"line":173,"column":75}},"19":{"start":{"line":174,"column":4},"end":{"line":174,"column":95}},"20":{"start":{"line":175,"column":4},"end":{"line":175,"column":96}},"21":{"start":{"line":176,"column":4},"end":{"line":176,"column":100}},"22":{"start":{"line":177,"column":4},"end":{"line":177,"column":89}},"23":{"start":{"line":178,"column":4},"end":{"line":178,"column":92}},"24":{"start":{"line":179,"column":4},"end":{"line":179,"column":102}},"25":{"start":{"line":187,"column":2},"end":{"line":189,"column":4}},"26":{"start":{"line":188,"column":4},"end":{"line":188,"column":52}},"27":{"start":{"line":191,"column":2},"end":{"line":227,"column":4}},"28":{"start":{"line":193,"column":4},"end":{"line":193,"column":39}},"29":{"start":{"line":194,"column":4},"end":{"line":194,"column":40}},"30":{"start":{"line":196,"column":4},"end":{"line":225,"column":5}},"31":{"start":{"line":198,"column":6},"end":{"line":223,"column":9}},"32":{"start":{"line":200,"column":10},"end":{"line":200,"column":51}},"33":{"start":{"line":201,"column":10},"end":{"line":201,"column":52}},"34":{"start":{"line":204,"column":10},"end":{"line":207,"column":11}},"35":{"start":{"line":205,"column":12},"end":{"line":205,"column":47}},"36":{"start":{"line":206,"column":12},"end":{"line":206,"column":47}},"37":{"start":{"line":209,"column":10},"end":{"line":209,"column":45}},"38":{"start":{"line":210,"column":10},"end":{"line":210,"column":46}},"39":{"start":{"line":213,"column":10},"end":{"line":218,"column":11}},"40":{"start":{"line":214,"column":12},"end":{"line":214,"column":36}},"41":{"start":{"line":215,"column":12},"end":{"line":215,"column":37}},"42":{"start":{"line":216,"column":12},"end":{"line":216,"column":35}},"43":{"start":{"line":217,"column":12},"end":{"line":217,"column":50}},"44":{"start":{"line":221,"column":8},"end":{"line":221,"column":46}},"45":{"start":{"line":230,"column":2},"end":{"line":232,"column":4}},"46":{"start":{"line":231,"column":4},"end":{"line":231,"column":62}},"47":{"start":{"line":234,"column":2},"end":{"line":236,"column":4}},"48":{"start":{"line":235,"column":4},"end":{"line":235,"column":63}},"49":{"start":{"line":241,"column":2},"end":{"line":397,"column":4}},"50":{"start":{"line":244,"column":4},"end":{"line":244,"column":93}},"51":{"start":{"line":245,"column":4},"end":{"line":251,"column":5}},"52":{"start":{"line":246,"column":6},"end":{"line":246,"column":31}},"53":{"start":{"line":247,"column":6},"end":{"line":247,"column":52}},"54":{"start":{"line":248,"column":6},"end":{"line":250,"column":7}},"55":{"start":{"line":249,"column":8},"end":{"line":249,"column":42}},"56":{"start":{"line":254,"column":4},"end":{"line":254,"column":66}},"57":{"start":{"line":255,"column":4},"end":{"line":255,"column":66}},"58":{"start":{"line":258,"column":4},"end":{"line":259,"column":66}},"59":{"start":{"line":258,"column":46},"end":{"line":258,"column":76}},"60":{"start":{"line":259,"column":9},"end":{"line":259,"column":66}},"61":{"start":{"line":259,"column":36},"end":{"line":259,"column":66}},"62":{"start":{"line":260,"column":4},"end":{"line":261,"column":66}},"63":{"start":{"line":260,"column":46},"end":{"line":260,"column":76}},"64":{"start":{"line":261,"column":9},"end":{"line":261,"column":66}},"65":{"start":{"line":261,"column":36},"end":{"line":261,"column":66}},"66":{"start":{"line":264,"column":4},"end":{"line":266,"column":5}},"67":{"start":{"line":265,"column":6},"end":{"line":265,"column":50}},"68":{"start":{"line":269,"column":4},"end":{"line":269,"column":20}},"69":{"start":{"line":270,"column":4},"end":{"line":303,"column":5}},"70":{"start":{"line":272,"column":6},"end":{"line":290,"column":7}},"71":{"start":{"line":273,"column":8},"end":{"line":273,"column":103}},"72":{"start":{"line":274,"column":8},"end":{"line":274,"column":50}},"73":{"start":{"line":276,"column":8},"end":{"line":282,"column":9}},"74":{"start":{"line":277,"column":10},"end":{"line":281,"column":11}},"75":{"start":{"line":283,"column":8},"end":{"line":289,"column":9}},"76":{"start":{"line":284,"column":10},"end":{"line":288,"column":11}},"77":{"start":{"line":293,"column":9},"end":{"line":303,"column":5}},"78":{"start":{"line":294,"column":6},"end":{"line":298,"column":7}},"79":{"start":{"line":300,"column":9},"end":{"line":303,"column":5}},"80":{"start":{"line":301,"column":6},"end":{"line":301,"column":25}},"81":{"start":{"line":302,"column":6},"end":{"line":302,"column":50}},"82":{"start":{"line":306,"column":4},"end":{"line":306,"column":100}},"83":{"start":{"line":307,"column":4},"end":{"line":313,"column":5}},"84":{"start":{"line":308,"column":6},"end":{"line":308,"column":34}},"85":{"start":{"line":309,"column":6},"end":{"line":309,"column":55}},"86":{"start":{"line":310,"column":6},"end":{"line":312,"column":7}},"87":{"start":{"line":311,"column":8},"end":{"line":311,"column":42}},"88":{"start":{"line":316,"column":4},"end":{"line":316,"column":20}},"89":{"start":{"line":317,"column":4},"end":{"line":345,"column":5}},"90":{"start":{"line":319,"column":8},"end":{"line":319,"column":32}},"91":{"start":{"line":320,"column":6},"end":{"line":320,"column":12}},"92":{"start":{"line":322,"column":8},"end":{"line":322,"column":36}},"93":{"start":{"line":323,"column":6},"end":{"line":323,"column":12}},"94":{"start":{"line":325,"column":8},"end":{"line":325,"column":32}},"95":{"start":{"line":326,"column":6},"end":{"line":326,"column":12}},"96":{"start":{"line":328,"column":8},"end":{"line":328,"column":35}},"97":{"start":{"line":329,"column":6},"end":{"line":329,"column":12}},"98":{"start":{"line":331,"column":8},"end":{"line":331,"column":31}},"99":{"start":{"line":332,"column":6},"end":{"line":332,"column":12}},"100":{"start":{"line":334,"column":8},"end":{"line":334,"column":34}},"101":{"start":{"line":335,"column":6},"end":{"line":335,"column":12}},"102":{"start":{"line":337,"column":8},"end":{"line":337,"column":32}},"103":{"start":{"line":338,"column":6},"end":{"line":338,"column":12}},"104":{"start":{"line":340,"column":8},"end":{"line":340,"column":37}},"105":{"start":{"line":341,"column":6},"end":{"line":341,"column":12}},"106":{"start":{"line":343,"column":8},"end":{"line":343,"column":31}},"107":{"start":{"line":344,"column":6},"end":{"line":344,"column":12}},"108":{"start":{"line":347,"column":4},"end":{"line":357,"column":5}},"109":{"start":{"line":348,"column":6},"end":{"line":348,"column":26}},"110":{"start":{"line":349,"column":6},"end":{"line":349,"column":26}},"111":{"start":{"line":350,"column":6},"end":{"line":353,"column":7}},"112":{"start":{"line":351,"column":8},"end":{"line":351,"column":44}},"113":{"start":{"line":352,"column":8},"end":{"line":352,"column":44}},"114":{"start":{"line":355,"column":6},"end":{"line":355,"column":46}},"115":{"start":{"line":356,"column":6},"end":{"line":356,"column":46}},"116":{"start":{"line":363,"column":4},"end":{"line":363,"column":24}},"117":{"start":{"line":364,"column":4},"end":{"line":364,"column":24}},"118":{"start":{"line":370,"column":4},"end":{"line":370,"column":46}},"119":{"start":{"line":371,"column":4},"end":{"line":378,"column":5}},"120":{"start":{"line":372,"column":6},"end":{"line":375,"column":7}},"121":{"start":{"line":373,"column":8},"end":{"line":373,"column":87}},"122":{"start":{"line":374,"column":8},"end":{"line":374,"column":36}},"123":{"start":{"line":377,"column":6},"end":{"line":377,"column":30}},"124":{"start":{"line":380,"column":4},"end":{"line":393,"column":5}},"125":{"start":{"line":381,"column":6},"end":{"line":381,"column":35}},"126":{"start":{"line":382,"column":6},"end":{"line":385,"column":7}},"127":{"start":{"line":386,"column":6},"end":{"line":386,"column":45}},"128":{"start":{"line":386,"column":26},"end":{"line":386,"column":45}},"129":{"start":{"line":387,"column":6},"end":{"line":392,"column":7}},"130":{"start":{"line":388,"column":8},"end":{"line":388,"column":42}},"131":{"start":{"line":389,"column":8},"end":{"line":391,"column":9}},"132":{"start":{"line":390,"column":10},"end":{"line":390,"column":34}},"133":{"start":{"line":400,"column":2},"end":{"line":497,"column":4}},"134":{"start":{"line":402,"column":4},"end":{"line":402,"column":17}},"135":{"start":{"line":404,"column":4},"end":{"line":408,"column":5}},"136":{"start":{"line":405,"column":6},"end":{"line":405,"column":35}},"137":{"start":{"line":407,"column":6},"end":{"line":407,"column":28}},"138":{"start":{"line":410,"column":4},"end":{"line":414,"column":5}},"139":{"start":{"line":411,"column":6},"end":{"line":411,"column":37}},"140":{"start":{"line":413,"column":6},"end":{"line":413,"column":30}},"141":{"start":{"line":416,"column":4},"end":{"line":420,"column":5}},"142":{"start":{"line":417,"column":6},"end":{"line":417,"column":98}},"143":{"start":{"line":419,"column":6},"end":{"line":419,"column":100}},"144":{"start":{"line":422,"column":4},"end":{"line":422,"column":43}},"145":{"start":{"line":423,"column":4},"end":{"line":423,"column":31}},"146":{"start":{"line":425,"column":4},"end":{"line":485,"column":5}},"147":{"start":{"line":428,"column":8},"end":{"line":428,"column":68}},"148":{"start":{"line":429,"column":6},"end":{"line":429,"column":12}},"149":{"start":{"line":432,"column":8},"end":{"line":432,"column":72}},"150":{"start":{"line":433,"column":6},"end":{"line":433,"column":12}},"151":{"start":{"line":436,"column":8},"end":{"line":436,"column":96}},"152":{"start":{"line":437,"column":6},"end":{"line":437,"column":12}},"153":{"start":{"line":440,"column":8},"end":{"line":447,"column":10}},"154":{"start":{"line":448,"column":6},"end":{"line":448,"column":12}},"155":{"start":{"line":451,"column":8},"end":{"line":458,"column":10}},"156":{"start":{"line":459,"column":6},"end":{"line":459,"column":12}},"157":{"start":{"line":463,"column":8},"end":{"line":471,"column":9}},"158":{"start":{"line":464,"column":10},"end":{"line":470,"column":12}},"159":{"start":{"line":473,"column":8},"end":{"line":477,"column":9}},"160":{"start":{"line":474,"column":10},"end":{"line":474,"column":34}},"161":{"start":{"line":476,"column":10},"end":{"line":476,"column":40}},"162":{"start":{"line":479,"column":8},"end":{"line":481,"column":9}},"163":{"start":{"line":480,"column":10},"end":{"line":480,"column":17}},"164":{"start":{"line":483,"column":6},"end":{"line":483,"column":12}},"165":{"start":{"line":487,"column":4},"end":{"line":487,"column":31}},"166":{"start":{"line":489,"column":4},"end":{"line":493,"column":5}},"167":{"start":{"line":490,"column":6},"end":{"line":490,"column":68}},"168":{"start":{"line":491,"column":6},"end":{"line":491,"column":66}},"169":{"start":{"line":492,"column":6},"end":{"line":492,"column":30}},"170":{"start":{"line":495,"column":4},"end":{"line":495,"column":26}},"171":{"start":{"line":500,"column":2},"end":{"line":504,"column":4}},"172":{"start":{"line":501,"column":4},"end":{"line":503,"column":5}},"173":{"start":{"line":502,"column":6},"end":{"line":502,"column":102}},"174":{"start":{"line":506,"column":2},"end":{"line":635,"column":4}},"175":{"start":{"line":508,"column":4},"end":{"line":633,"column":5}},"176":{"start":{"line":511,"column":6},"end":{"line":511,"column":37}},"177":{"start":{"line":522,"column":6},"end":{"line":526,"column":7}},"178":{"start":{"line":523,"column":8},"end":{"line":523,"column":44}},"179":{"start":{"line":524,"column":8},"end":{"line":524,"column":25}},"180":{"start":{"line":525,"column":8},"end":{"line":525,"column":25}},"181":{"start":{"line":529,"column":6},"end":{"line":538,"column":7}},"182":{"start":{"line":530,"column":8},"end":{"line":536,"column":9}},"183":{"start":{"line":531,"column":10},"end":{"line":531,"column":80}},"184":{"start":{"line":531,"column":55},"end":{"line":531,"column":80}},"185":{"start":{"line":532,"column":10},"end":{"line":532,"column":28}},"186":{"start":{"line":534,"column":10},"end":{"line":534,"column":90}},"187":{"start":{"line":534,"column":66},"end":{"line":534,"column":90}},"188":{"start":{"line":535,"column":10},"end":{"line":535,"column":28}},"189":{"start":{"line":537,"column":8},"end":{"line":537,"column":40}},"190":{"start":{"line":537,"column":26},"end":{"line":537,"column":40}},"191":{"start":{"line":541,"column":6},"end":{"line":550,"column":7}},"192":{"start":{"line":542,"column":8},"end":{"line":548,"column":9}},"193":{"start":{"line":543,"column":10},"end":{"line":543,"column":73}},"194":{"start":{"line":543,"column":51},"end":{"line":543,"column":73}},"195":{"start":{"line":544,"column":10},"end":{"line":544,"column":27}},"196":{"start":{"line":546,"column":10},"end":{"line":546,"column":80}},"197":{"start":{"line":546,"column":59},"end":{"line":546,"column":80}},"198":{"start":{"line":547,"column":10},"end":{"line":547,"column":27}},"199":{"start":{"line":549,"column":8},"end":{"line":549,"column":38}},"200":{"start":{"line":549,"column":25},"end":{"line":549,"column":38}},"201":{"start":{"line":553,"column":6},"end":{"line":567,"column":7}},"202":{"start":{"line":554,"column":8},"end":{"line":559,"column":9}},"203":{"start":{"line":561,"column":8},"end":{"line":566,"column":9}},"204":{"start":{"line":569,"column":6},"end":{"line":576,"column":7}},"205":{"start":{"line":570,"column":8},"end":{"line":570,"column":29}},"206":{"start":{"line":571,"column":8},"end":{"line":571,"column":43}},"207":{"start":{"line":573,"column":11},"end":{"line":576,"column":7}},"208":{"start":{"line":574,"column":8},"end":{"line":574,"column":30}},"209":{"start":{"line":575,"column":8},"end":{"line":575,"column":43}},"210":{"start":{"line":577,"column":6},"end":{"line":584,"column":7}},"211":{"start":{"line":578,"column":8},"end":{"line":578,"column":28}},"212":{"start":{"line":579,"column":8},"end":{"line":579,"column":43}},"213":{"start":{"line":581,"column":11},"end":{"line":584,"column":7}},"214":{"start":{"line":582,"column":8},"end":{"line":582,"column":31}},"215":{"start":{"line":583,"column":8},"end":{"line":583,"column":43}},"216":{"start":{"line":587,"column":6},"end":{"line":594,"column":7}},"217":{"start":{"line":589,"column":10},"end":{"line":590,"column":52}},"218":{"start":{"line":589,"column":45},"end":{"line":589,"column":58}},"219":{"start":{"line":590,"column":15},"end":{"line":590,"column":52}},"220":{"start":{"line":590,"column":39},"end":{"line":590,"column":52}},"221":{"start":{"line":591,"column":10},"end":{"line":592,"colu
[...]
0,"328":0,"329":0,"331":0,"332":0,"334":0,"335":0,"337":0,"338":0,"340":0,"341":0,"343":0,"344":0,"347":0,"348":0,"349":0,"350":0,"351":0,"352":0,"355":0,"356":0,"363":0,"364":0,"370":0,"371":0,"372":0,"373":0,"374":0,"377":0,"380":0,"381":0,"382":0,"386":0,"387":0,"388":0,"389":0,"390":0,"400":0,"402":0,"404":0,"405":0,"407":0,"410":0,"411":0,"413":0,"416":0,"417":0,"419":0,"422":0,"423":0,"425":0,"428":0,"429":0,"432":0,"433":0,"436":0,"437":0,"440":0,"448":0,"451":0,"459":0,"463":1,"464":0,"473":0,"474":0,"476":0,"479":0,"480":0,"483":0,"487":0,"489":0,"490":0,"491":0,"492":0,"495":0,"500":0,"501":0,"502":0,"506":0,"508":0,"511":0,"522":0,"523":0,"524":0,"525":0,"529":0,"530":0,"531":0,"532":0,"534":0,"535":0,"537":0,"541":0,"542":0,"543":0,"544":0,"546":0,"547":0,"549":0,"553":0,"554":0,"561":0,"569":0,"570":0,"571":0,"573":0,"574":0,"575":0,"577":0,"578":0,"579":0,"581":0,"582":0,"583":0,"587":0,"589":0,"590":0,"591":0,"592":0,"593":0,"597":0,"598":0,"601":0,"602":0,"605":0,"606":0,"610":0,"611":0,"612":0,"615":0,"616":0,"620":0,"621":0,"625":0,"626":0,"637":0,"640":0,"643":0,"646":0,"647":0,"648":0,"653":0,"654":0,"657":0,"660":0,"661":0,"662":0,"663":0,"664":0,"665":0,"666":0,"669":0,"676":0,"678":0,"683":0,"685":0,"687":0,"690":0,"691":0,"692":0,"696":0,"697":0,"698":0,"699":0,"700":0,"709":0,"712":0,"716":0,"718":0,"721":0,"722":0,"724":0,"725":0,"733":0,"735":0,"740":0,"741":0,"742":0,"744":0,"745":0,"753":0,"755":0,"757":0,"758":0,"768":0,"769":0,"770":0,"772":0,"779":0,"781":0,"782":0,"783":0,"789":0,"792":0,"794":0,"799":1,"800":0,"801":0,"805":0,"807":0,"810":0,"812":0,"813":0,"814":0,"815":0,"818":0,"820":0,"821":0,"823":0,"830":0,"832":0,"833":0,"834":0,"835":0,"838":0,"839":0,"840":0,"849":0,"854":0,"855":0,"861":0,"864":0,"865":0,"870":0,"871":0,"874":0,"875":0,"876":0,"881":1,"883":0,"885":0,"886":0,"887":0,"888":0,"889":0,"890":0,"891":0,"892":0,"895":0,"896":0,"899":0,"900":0,"902":0,"903":0,"904":0,"912":0,"914":0,"916":0,"924":0,"926":0,"928":0,"932":0,"937":0,"942":0,"943":0,"944":0,"946":0,"947":0,"953":0,"955":0,"956":0,"957":0,"958":0,"962":0,"964":0,"966":0,"970":0,"972":1,"974":0,"975":0,"976":0,"978":0,"979":0,"983":0,"984":0,"985":0,"986":0,"992":0,"993":0,"1008":0,"1010":0,"1011":0,"1022":0,"1024":0,"1026":0,"1031":0,"1033":0,"1035":0,"1038":0,"1039":0,"1040":0,"1044":0,"1045":0,"1046":0,"1047":0,"1048":0,"1062":0,"1065":0,"1066":0,"1068":0,"1073":0,"1076":0,"1078":0,"1079":0,"1083":0,"1087":0,"1088":0,"1090":0,"1091":0,"1092":0,"1095":0,"1100":0,"1102":0,"1103":0,"1104":0,"1111":0,"1113":0,"1115":0,"1116":0,"1117":0,"1119":0,"1121":0,"1124":0,"1125":0,"1127":0,"1128":0,"1130":0,"1131":0,"1134":0,"1137":0,"1138":0,"1141":0,"1142":0,"1145":0,"1146":0,"1147":0,"1148":0,"1149":0,"1151":0,"1164":0,"1166":0,"1169":0,"1170":0,"1171":0,"1175":0,"1178":0,"1179":0,"1180":0,"1187":0,"1188":0,"1189":0,"1191":0,"1195":0,"1196":0,"1197":0,"1198":0,"1204":0,"1207":0,"1210":0,"1211":0,"1213":0,"1215":0,"1219":0,"1224":0,"1225":0,"1226":0,"1227":0,"1228":0,"1229":0,"1231":0,"1236":0,"1237":0,"1238":0,"1239":0,"1243":0,"1246":0,"1247":0,"1248":0,"1249":0,"1250":0,"1251":0,"1252":0,"1253":0,"1254":0,"1255":0,"1256":0,"1257":0,"1260":0,"1261":0,"1265":0,"1266":0,"1270":0,"1272":0,"1274":0,"1276":0,"1278":0,"1279":0,"1280":0,"1281":0,"1282":0,"1283":0,"1284":0,"1286":0,"1287":0,"1291":0,"1295":0,"1296":0,"1297":0,"1298":0,"1300":0,"1305":0,"1306":0,"1312":0,"1314":0,"1316":0,"1318":0,"1319":0,"1320":0,"1321":0,"1324":0,"1329":0,"1330":0,"1331":0,"1332":0,"1334":0,"1340":0,"1341":0,"1342":0,"1348":0,"1351":0,"1353":0,"1354":0,"1357":0,"1358":0,"1359":0,"1360":0,"1366":0,"1367":0,"1373":0,"1376":0,"1377":0,"1378":0,"1379":0,"1380":0,"1381":0,"1384":0,"1389":0,"1391":0,"1392":0,"1393":0,"1395":0,"1406":0,"1408":0,"1416":2,"1417":0,"1418":0,"1420":0,"1421":0,"1423":0,"1426":0,"1429":2,"1430":0,"1436":0,"1440":0,"1441":0,"1449":1,"1452":0,"1453":0,"1454":0,"1456":0,"1457":0,"1464":1,"1465":0,"1468":1,"1469":0,"1475":0,"1477":0,"1482":0,"1483":0,"1484":0,"1488":0,"1489":0,"1493":0,"1498":0,"1499":0,"1500":0,"1505":0,"1506":0,"1509":0,"1510":0,"1513":0,"1516":0,"1517":0,"1522":0,"1525":0,"1526":0,"1527":0,"1528":0,"1529":0,"1530":0,"1531":0,"1532":0,"1534":0,"1535":0,"1539":0}},"/home/travis/build/npmtest/node-npmtest-particles.js/node_modules/particles.js/demo/js/app.js":{"path":"/home/travis/build/npmtest/node-npmtest-particles.js/node_modules/particles.js/demo/js/app.js","s":{"1":2},"b":{},"f":{},"fnMap":{},"statementMap":{"1":{"start":{"line":14,"column":0},"end":{"line":133,"column":2}}},"branchMap":{},"code":["/* -----------------------------------------------","/* How to use? : Check the GitHub README","/* ----------------------------------------------- */","","/* To load a config file (particles.json) you need to host this demo (MAMP/WAMP/local)... */","/*","particlesJS.load('particles-js', 'particles.json', function() {","  console.log('particles.js loaded - callback');","});","*/","","/* Otherwise just put the config content (json): */","","particlesJS('particles-js',","  ","  {","    \"particles\": {","      \"number\": {","        \"value\": 80,","        \"density\": {","          \"enable\": true,","          \"value_area\": 800","        }","      },","      \"color\": {","        \"value\": \"#ffffff\"","      },","      \"shape\": {","        \"type\": \"circle\",","        \"stroke\": {","          \"width\": 0,","          \"color\": \"#000000\"","        },","        \"polygon\": {","          \"nb_sides\": 5","        },","        \"image\": {","          \"src\": \"img/github.svg\",","          \"width\": 100,","          \"height\": 100","        }","      },","      \"opacity\": {","        \"value\": 0.5,","        \"random\": false,","        \"anim\": {","          \"enable\": false,","          \"speed\": 1,","          \"opacity_min\": 0.1,","          \"sync\": false","        }","      },","      \"size\": {","        \"value\": 5,","        \"random\": true,","        \"anim\": {","          \"enable\": false,","          \"speed\": 40,","          \"size_min\": 0.1,","          \"sync\": false","        }","      },","      \"line_linked\": {","        \"enable\": true,","        \"distance\": 150,","        \"color\": \"#ffffff\",","        \"opacity\": 0.4,","        \"width\": 1","      },","      \"move\": {","        \"enable\": true,","        \"speed\": 6,","        \"direction\": \"none\",","        \"random\": false,","        \"straight\": false,","        \"out_mode\": \"out\",","        \"attract\": {","          \"enable\": false,","          \"rotateX\": 600,","          \"rotateY\": 1200","        }","      }","    },","    \"interactivity\": {","      \"detect_on\": \"canvas\",","      \"events\": {","        \"onhover\": {","          \"enable\": true,","          \"mode\": \"repulse\"","        },","        \"onclick\": {","          \"enable\": true,","          \"mode\": \"push\"","        },","        \"resize\": true","      },","      \"modes\": {","        \"grab\": {","          \"distance\": 400,","          \"line_linked\": {","            \"opacity\": 1","          }","        },","        \"bubble\": {","          \"distance\": 400,","          \"size\": 40,","          \"duration\": 2,","          \"opacity\": 8,","          \"speed\": 3","        },","        \"repulse\": {","          \"distance\": 200","        },","        \"push\": {","          \"particles_nb\": 4","        },","        \"remove\": {","          \"particles_nb\": 2","        }","      }","    },","    \"retina_detect\": true,","    \"config_demo\": {","      \"hide_card\": false,","      \"background_color\": \"#b61924\",","      \"background_image\": \"\",","      \"background_position\": \"50% 50%\",","      \"background_repeat\": \"no-repeat\",","      \"background_size\": \"cover\"","    }","  }","",");"],"l":{"14":2}},"/home/travis/build/npmtest/node-npmtest-particles.js/node_modules/particles.js/demo/js/lib/stats.js":{"path":"/home/travis/build/npmtest/node-npmtest-particles.js/node_modules/particles.js/demo/js/lib/stats.js","s":{"1":1,"2":0,"3":0,"4":0,"5":0,"6":0,"7":0,"8":0,"9":0,"10":0,"11":0,"12":0,"13":0,"14":0,"15":0,"16":0,"17":0,"18":0,"19":0,"20":0,"21":0,"22":0,"23":0,"24":0,"25":0,"26":0,"27":0,"28":0,"29":0,"30":0,"31":0,"32":0,"33":0,"34":0,"35":0,"36":0,"37":0,"38":0,"39":0,"40":0,"41":0,"42":0,"43":0,"44":0,"45":0,"46":0,"47":0,"48":0,"49":0,"50":0,"51":0,"52":0,"53":0,"54":0,"55":0,"56":0,"57":0,"58":0,"59":0,"60":0,"61":0,"62":0,"63":0,"64":0,"65":0,"66":0,"67":0,"68":0,"69":0,"70":0,"71":0,"72":0,"73":0,"74":0,"75":0,"76":0,"77":1,"78":1},"b":{"1":[0,0],"2":[0,0],"3":[1,0]},"f":{"1":0,"2":0,"3":0,"4":0,"5":0,"6":0,"7":0},"fnMap":{"1":{"name":"(anonymous_1)","line":5,"loc":{"start":{"line":5,"column":12},"end":{"line":5,"column":24}}},"2":{"name":"(anonymous_2)","line":14,"loc":{"start":{"line":14,"column":42},"end":{"line":14,"column":61}}},"3":{"name":"(anonymous_3)","line":65,"loc":{"start":{"line":65,"column":15},"end":{"line":65,"column":34}}},"4":{"name":"(anonymous_4)","line":83,"loc":{"start":{"line":83,"column":19},"end":{"line":83,"column":43}}},"5":{"name":"(anonymous_5)","line":98,"loc":{"start":{"line":98,"column":9},"end":{"line":98,"column":21}}},"6":{"name":"(anonymous_6)","line":104,"loc":{"start":{"line":104,"column":7},"end":{"line":104,"column":19}}},"7":{"name":"(anonymous_7)","line":135,"loc":{"start":{"line":135,"column":10},"end":{"line":135,"column":22}}}},"statementMap":{"1":{"start":{"line":5,"column":0},"end":{"line":143,"column":2}},"2":{"start":{"line":7,"column":1},"end":{"line":7,"column":50}},"3":{"start":{"line":8,"column":1},"end":{"line":8,"column":41}},"4":{"start":{"line":9,"column":1},"end":{"line":9,"column":44}},"5":{"start":{"line":10,"column":1},"end":{"line":10,"column":26}},"6":{"start":{"line":12,"column":1},"end":{"line":12,"column":49}},"7":{"start":{"line":13,"column":1},"end":{"line":13,"column":24}},"8":{"start":{"line":14,"column":1},"end":{"line":14,"column":121}},"9":{"start":{"line":14,"column":63},"end":{"line":14,"column":86}},"10":{"start":{"line":14,"column":87},"end":{"line":14,"column":110}},"11":{"start":{"line":15,"column":1},"end":{"line":15,"column":67}},"12":{"start":{"line":17,"column":1},"end":{"line":17,"column":46}},"13":{"start":{"line":18,"column":1},"end":{"line":18,"column":19}},"14":{"start":{"line":19,"column":1},"end":{"line":19,"column":84}},"15":{"start":{"line":20,"column":1},"end":{"line":20,"column":33}},"16":{"start":{"line":22,"column":1},"end":{"line":22,"column":47}},"17":{"start":{"line":23,"column":1},"end":{"line":23,"column":24}},"18":{"start":{"line":24,"column":1},"end":{"line":24,"column":125}},"19":{"start":{"line":25,"column":1},"end":{"line":25,"column":27}},"20":{"start":{"line":26,"column":1},"end":{"line":26,"column":31}},"21":{"start":{"line":28,"column":1},"end":{"line":28,"column":48}},"22":{"start":{"line":29,"column":1},"end":{"line":29,"column":26}},"23":{"start":{"line":30,"column":1},"end":{"line":30,"column":91}},"24":{"start":{"line":31,"column":1},"end":{"line":31,"column":32}},"25":{"start":{"line":33,"column":1},"end":{"line":39,"column":2}},"26":{"start":{"line":35,"column":2},"end":{"line":35,"column":45}},"27":{"start":{"line":36,"column":2},"end":{"line":36,"column":79}},"28":{"start":{"line":37,"column":2},"end":{"line":37,"column":30}},"29":{"start":{"line":41,"column":1},"end":{"line":41,"column":45}},"30":{"start":{"line":42,"column":1},"end":{"line":42,"column":17}},"31":{"start":{"line":43,"column":1},"end":{"line":43,"column":96}},"32":{"start":{"line":44,"column":1},"end":{"line":44,"column":32}},"33":{"start":{"line":46,"column":1},"end":{"line":46,"column":46}},"34":{"start":{"line":47,"column":1},"end":{"line":47,"column":22}},"35":{"start":{"line":48,"column":1},"end":{"line":48,"column":124}},"36":{"start":{"line":49,"column":1},"end":{"line":49,"column":25}},"37":{"start":{"line":50,"column":1},"end":{"line":50,"column":29}},"38":{"start":{"line":52,"column":1},"end":{"line":52,"column":47}},"39":{"start":{"line":53,"column":1},"end":{"line":53,"column":24}},"40":{"start":{"line":54,"column":1},"end":{"line":54,"column":90}},"41":{"start":{"line":55,"column":1},"end":{"line":55,"column":30}},"42":{"start":{"line":57,"column":1},"end":{"line":63,"column":2}},"43":{"start":{"line":59,"column":2},"end":{"line":59,"column":45}},"44":{"start":{"line":60,"column":2},"end":{"line":60,"column":79}},"45":{"start":{"line":61,"column":2},"end":{"line":61,"column":29}},"46":{"start":{"line":65,"column":1},"end":{"line":81,"column":3}},"47":{"start":{"line":67,"column":2},"end":{"line":67,"column":15}},"48":{"start":{"line":69,"column":2},"end":{"line":79,"column":3}},"49":{"start":{"line":72,"column":4},"end":{"line":72,"column":35}},"50":{"start":{"line":73,"column":4},"end":{"line":73,"column":33}},"51":{"start":{"line":74,"column":4},"end":{"line":74,"column":10}},"52":{"start":{"line":76,"column":4},"end":{"line":76,"column":34}},"53":{"start":{"line":77,"column":4},"end":{"line":77,"column":34}},"54":{"start":{"line":78,"column":4},"end":{"line":78,"column":10}},"55":{"start":{"line":83,"column":1},"end":{"line":88,"column":3}},"56":{"start":{"line":85,"column":2},"end":{"line":85,"column":48}},"57":{"start":{"line":86,"column":2},"end":{"line":86,"column":36}},"58":{"start":{"line":90,"column":1},"end":{"line":141,"column":2}},"59":{"start":{"line":100,"column":3},"end":{"line":100,"column":26}},"60":{"start":{"line":106,"column":3},"end":{"line":106,"column":25}},"61":{"start":{"line":108,"column":3},"end":{"line":108,"column":25}},"62":{"start":{"line":109,"column":3},"end":{"line":109,"column":33}},"63":{"start":{"line":110,"column":3},"end":{"line":110,"column":33}},"64":{"start":{"line":112,"column":3},"end":{"line":112,"column":65}},"65":{"start":{"line":113,"column":3},"end":{"line":113,"column":66}},"66":{"start":{"line":115,"column":3},"end":{"line":115,"column":13}},"67":{"start":{"line":117,"column":3},"end":{"line":129,"column":4}},"68":{"start":{"line":119,"column":4},"end":{"line":119,"column":64}},"69":{"start":{"line":120,"column":4},"end":{"line":120,"column":37}},"70":{"start":{"line":121,"column":4},"end":{"line":121,"column":37}},"71":{"start":{"line":123,"column":4},"end":{"line":123,"column":71}},"72":{"start":{"line":124,"column":4},"end":{"line":124,"column":69}},"73":{"start":{"line":126,"column":4},"end":{"line":126,"column":20}},"74":{"start":{"line":127,"column":4},"end":{"line":127,"column":15}},"75":{"start":{"line":131,"column":3},"end":{"line":131,"column":15}},"76":{"start":{"line":137,"column":3},"end":{"line":137,"column":26}},"77":{"start":{"line":145,"column":0},"end":{"line":149,"column":1}},"78":{"start":{"line":147,"column":1},"end":{"line":147,"column":24}}},"branchMap":{"1":{"line":69,"type":"switch","locations":[{"start":{"line":71,"column":3},"end":{"line":74,"column":10}},{"start":{"line":75,"column":3},"end":{"line":78,"column":10}}]},"2":{"line":117,"type":"if","locations":[{"start":{"line":117,"column":3},"end":{"line":117,"column":3}},{"start":{"line":117,"column":3},"end":{"line":117,"column":3}}]},"3":{"line":145,"type":"if","locations":[{"start":{"line":145,"column":0},"end":{"line":145,"column":0}},{"start":{"line":145,"column":0},"end":{"line":145,"column":0}}]}},"code":["/**"," * @author mrdoob / http://mrdoob.com/"," */","","var Stats = function () {","","\tvar startTime = Date.now(), prevTime = startTime;","\tvar ms = 0, msMin = Infinity, msMax = 0;","\tvar fps = 0, fpsMin = Infinity, fpsMax = 0;","\tvar frames = 0, mode = 0;","","\tvar container = document.createElement( 'div' );","\tcontainer.id = 'stats';","\tcontainer.addEventListener( 'mousedown', function ( event ) { event.preventDefault(); setMode( ++ mode % 2 ) }, false );","\tcontainer.style.cssText = 'width:80px;opacity:0.9;cursor:pointer';","","\tvar fpsDiv = document.createElement( 'div' );","\tfpsDiv.id = 'fps';","\tfpsDiv.style.cssText = 'padding:0 0 3px 3px;text-align:left;background-color:#002';","\tcontainer.appendChild( fpsDiv );","","\tvar fpsText = document.createElement( 'div' );","\tfpsText.id = 'fpsText';","\tfpsText.style.cssText = 'color:#0ff;font-family:Helvetica,Arial,sans-serif;font-size:9px;font-weight:bold;line-height:15px';","\tfpsText.innerHTML = 'FPS';","\tfpsDiv.appendChild( fpsText );","","\tvar fpsGraph = document.createElement( 'div' );","\tfpsGraph.id = 'fpsGraph';","\tfpsGraph.style.cssText = 'position:relative;width:74px;height:30px;background-color:#0ff';","\tfpsDiv.appendChild( fpsGraph );","","\twhile ( fpsGraph.children.length < 74 ) {","","\t\tvar bar = document.createElement( 'span' );","\t\tbar.style.cssText = 'width:1px;height:30px;float:left;background-color:#113';","\t\tfpsGraph.appendChild( bar );","","\t}","","\tvar msDiv = document.createElement( 'div' );","\tmsDiv.id = 'ms';","\tmsDiv.style.cssText = 'padding:0 0 3px 3px;text-align:left;background-color:#020;display:none';","\tcontainer.appendChild( msDiv );","","\tvar msText = document.createElement( 'div' );","\tmsText.id = 'msText';","\tmsText.style.cssText = 'color:#0f0;font-family:Helvetica,Arial,sans-serif;font-size:9px;font-weight:bold;line-height:15px';","\tmsText.innerHTML = 'MS';","\tmsDiv.appendChild( msText );","","\tvar msGraph = document.createElement( 'div' );","\tmsGraph.id = 'msGraph';","\tmsGraph.style.cssText = 'position:relative;width:74px;height:30px;background-color:#0f0';","\tmsDiv.appendChild( msGraph );","","\twhile ( msGraph.children.length < 74 ) {","","\t\tvar bar = document.createElement( 'span' );","\t\tbar.style.cssText = 'width:1px;height:30px;float:left;background-color:#131';","\t\tmsGraph.appendChild( bar );","","\t}","","\tvar setMode = function ( value ) {","","\t\tmode = value;","","\t\tswitch ( mode ) {","","\t\t\tcase 0:","\t\t\t\tfpsDiv.style.display = 'block';","\t\t\t\tmsDiv.style.display = 'none';","\t\t\t\tbreak;","\t\t\tcase 1:","\t\t\t\tfpsDiv.style.display = 'none';","\t\t\t\tmsDiv.style.display = 'block';","\t\t\t\tbreak;","\t\t}","","\t};","","\tvar updateGraph = function ( dom, value ) {","","\t\tvar child = dom.appendChild( dom.firstChild );","\t\tchild.style.height = value + 'px';","","\t};","","\treturn {","","\t\tREVISION: 12,","","\t\tdomElement: container,","","\t\tsetMode: setMode,","","\t\tbegin: function () {","","\t\t\tstartTime = Date.now();","","\t\t},","","\t\tend: function () {","","\t\t\tvar time = Date.now();","","\t\t\tms = time - startTime;","\t\t\tmsMin = Math.min( msMin, ms );","\t\t\tmsMax = Math.max( msMax, ms );","","\t\t\tmsText.textContent = ms + ' MS (' + msMin + '-' + msMax + ')';","\t\t\tupdateGraph( msGraph, Math.min( 30, 30 - ( ms / 200 ) * 30 ) );","","\t\t\tframes ++;","","\t\t\tif ( time > prevTime + 1000 ) {","","\t\t\t\tfps = Math.round( ( frames * 1000 ) / ( time - prevTime ) );","\t\t\t\tfpsMin = Math.min( fpsMin, fps );","\t\t\t\tfpsMax = Math.max( fpsMax, fps );","","\t\t\t\tfpsText.textContent = fps + ' FPS (' + fpsMin + '-' + fpsMax + ')';","\t\t\t\tupdateGraph( fpsGraph, Math.min( 30, 30 - ( fps / 100 ) * 30 ) );","","\t\t\t\tprevTime = time;","\t\t\t\tframes = 0;","","\t\t\t}","","\t\t\treturn time;","","\t\t},","","\t\tupdate: function () {","","\t\t\tstartTime = this.end();","","\t\t}","","\t}","","};","","if ( typeof module === 'object' ) {","","\tmodule.exports = Stats;","","}"],"l":{"5":1,"7":0,"8":0,"9":0,"10":0,"12":0,"13":0,"14":0,"15":0,"17":0,"18":0,"19":0,"20":0,"22":0,"23":0,"24":0,"25":0,"26":0,"28":0,"29":0,"30":0,"31":0,"33":0,"35":0,"36":0,"37":0,"41":0,"42":0,"43":0,"44":0,"46":0,"47":0,"48":0,"49":0,"50":0,"52":0,"53":0,"54":0,"55":0,"57":0,"59":0,"60":0,"61":0,"65":0,"67":0,"69":0,"72":0,"73":0,"74":0,"76":0,"77":0,"78":0,"83":0,"85":0,"86":0,"90":0,"100":0,"106":0,"108":0,"109":0,"110":0,"112":0,"113":0,"115":0,"117":0,"119":0,"120":0,"121":0,"123":0,"124":0,"126":0,"127":0,"131":0,"137":0,"145":1,"147":1}}}